23:51:19.182 [main                     ] DEBUG Logger               - Configured Logger
23:51:19.230 [main                     ] DEBUG GameApplication      - Logging settings
Title: Board Prototype
Version: 0.0
Width: 1280
Height: 720
Fullscreen: false
Intro: false
Profiling: false
Single step:false
App Mode: DEVELOPER
Menu Key: ESCAPE
Stage Style: DECORATED
Scene Factory: class com.almasb.fxgl.app.scene.SceneFactory

23:51:19.597 [JavaFX Application Thread] DEBUG FXGLApplication      - Initializing FXGL
23:51:19.604 [JavaFX Application Thread] INFO  Engine               - FXGL-17.1 (24.03.2022 17.34) on WINDOWS (J:18.0.2 FX:18.0.1)
23:51:19.605 [JavaFX Application Thread] DEBUG Engine               - JRE Vendor Name: Oracle Corporation
23:51:19.605 [JavaFX Application Thread] DEBUG Engine               - Running on OS: Windows 11 version 10.0
23:51:19.606 [JavaFX Application Thread] DEBUG Engine               - Architecture: amd64
23:51:19.606 [JavaFX Application Thread] INFO  Engine               - Source code and latest versions at: https://github.com/AlmasB/FXGL
23:51:19.606 [JavaFX Application Thread] INFO  Engine               -       Ask questions and discuss at: https://github.com/AlmasB/FXGL/discussions
23:51:19.606 [JavaFX Application Thread] INFO  Engine               -              Join the FXGL chat at: https://gitter.im/AlmasB/FXGL
23:51:19.688 [JavaFX Application Thread] DEBUG PrimaryStageWindow   - Creating a JavaFX scene
23:51:19.688 [JavaFX Application Thread] DEBUG PrimaryStageWindow   - Target size > screen size
23:51:19.737 [JavaFX Application Thread] DEBUG PrimaryStageWindow   - Target settings size: 1280.0 x 720.0
23:51:19.738 [JavaFX Application Thread] DEBUG PrimaryStageWindow   - Scaled scene size:    1169.0 x 671.0
23:51:19.738 [JavaFX Application Thread] DEBUG PrimaryStageWindow   - Scaled ratio: (0.91328125, 0.9319444444444445)
23:51:19.739 [JavaFX Application Thread] DEBUG PrimaryStageWindow   - Set initial scene to FXGLStartupScene
23:51:19.746 [JavaFX Application Thread] DEBUG PrimaryStageWindow   - Opening main window
23:51:19.865 [JavaFX Application Thread] DEBUG PrimaryStageWindow   - Window border size: (15.0, 37.66668701171875)
23:51:19.866 [JavaFX Application Thread] DEBUG PrimaryStageWindow   - Scaled size: 1169.0 x 671.0
23:51:19.866 [JavaFX Application Thread] DEBUG PrimaryStageWindow   - Scaled ratio: (0.91328125, 0.9319444444444445)
23:51:19.868 [JavaFX Application Thread] DEBUG PrimaryStageWindow   - Scene size: 1169.0 x 671.0
23:51:19.868 [JavaFX Application Thread] DEBUG PrimaryStageWindow   - Stage size: 1184.0 x 708.6666870117188
23:51:19.897 [FXGL Background Thread 1 ] DEBUG Engine               - Initializing environment variables
23:51:20.020 [FXGL Background Thread 1 ] DEBUG FXGLAssetLoaderServi - User app class for loading assets: class structure.board.BoardApp
23:51:20.020 [FXGL Background Thread 1 ] DEBUG GameApplicationServi - Applying CSS: fxgl_dark.css
23:51:20.022 [FXGL Background Thread 1 ] DEBUG FXGLAssetLoaderServi - Loading from file system: jar:file:///C:/Users/Carson/.m2/repository/com/github/almasb/fxgl/17.1/fxgl-17.1.jar!/fxglassets/ui/css/fxgl_dark.css
23:51:20.147 [FXGL Background Thread 1 ] DEBUG GameApplicationServi - Initializing application scenes
23:51:20.261 [FXGL Background Thread 1 ] DEBUG GameWorld            - Game world initialized
23:51:20.385 [FXGL Background Thread 1 ] DEBUG PhysicsWorld         - Physics world initialized: appHeight=720, physics.ppm=50.0
23:51:20.386 [FXGL Background Thread 1 ] DEBUG PhysicsWorld         - Using strategy: BRUTE_FORCE
23:51:20.398 [FXGL Background Thread 1 ] DEBUG GameScene            - Game scene initialized: 1280x720
23:51:20.423 [FXGL Background Thread 1 ] DEBUG FXGL.DefaultMenu     - createMenuBodyGameMenu()
23:51:20.458 [FXGL Background Thread 1 ] DEBUG FXGL.DefaultMenu     - createOptionsMenu()
23:51:20.493 [FXGL Background Thread 1 ] DEBUG FXGLAssetLoaderServi - Loading from file system: jar:file:///C:/Users/Carson/.m2/repository/com/github/almasb/fxgl/17.1/fxgl-17.1.jar!/fxglassets/textures/particles/smoke.png
23:51:20.680 [FXGL Background Thread 1 ] DEBUG FXGLAssetLoaderServi - Loading from file system: jar:file:///C:/Users/Carson/.m2/repository/com/github/almasb/fxgl/17.1/fxgl-17.1.jar!/fxglassets/textures/particles/trace_horizontal.png
23:51:20.758 [FXGL Background Thread 1 ] DEBUG GameApplicationServi - Application scenes initialized
23:51:20.772 [FXGL Background Thread 1 ] DEBUG SystemBundleService  - Loading FXGL system data
23:51:20.778 [FXGL Background Thread 1 ] DEBUG FileSystemAccess     - Reading from: C:\Users\Carson\Desktop\Monash\Y2S2 (Current)\FIT3077\Assignment\project\board_prototype\system\fxgl.bundle
23:51:20.787 [FXGL Background Thread 1 ] DEBUG SystemBundleService  - Bundle FXGL: {}
23:51:20.788 [FXGL Background Thread 1 ] DEBUG UpdaterService       - Checking for updates
23:51:20.793 [FXGL Background Thread 4 ] DEBUG FXGLApplication      - Loading fonts
23:51:20.793 [FXGL Background Thread 1 ] DEBUG FXGLApplication      - Loading default localization
23:51:20.793 [FXGL Background Thread 4 ] DEBUG FXGLAssetLoaderServi - Loading from file system: jar:file:///C:/Users/Carson/.m2/repository/com/github/almasb/fxgl/17.1/fxgl-17.1.jar!/fxglassets/ui/fonts/VarelaRound-Regular.ttf
23:51:20.794 [FXGL Background Thread 1 ] DEBUG FXGLAssetLoaderServi - Loading from file system: jar:file:///C:/Users/Carson/.m2/repository/com/github/almasb/fxgl/17.1/fxgl-17.1.jar!/fxglassets/languages/english.lang
23:51:20.814 [FXGL Background Thread 1 ] INFO  FXGLApplication      - FXGL initialization took: 0.916 sec
23:51:20.816 [JavaFX Application Thread] DEBUG FXGLAssetLoaderServi - Loading from file system: jar:file:///C:/Users/Carson/.m2/repository/com/github/almasb/fxgl/17.1/fxgl-17.1.jar!/fxglassets/textures/fxgl_icon.png
23:51:20.838 [JavaFX Application Thread] DEBUG FXGLAssetLoaderServi - Loading from file system: jar:file:///C:/Users/Carson/.m2/repository/com/github/almasb/fxgl/17.1/fxgl-17.1.jar!/fxglassets/textures/fxgl_default_cursor.png
23:51:20.855 [JavaFX Application Thread] DEBUG Input                - Registered new binding: Screenshot - CTRL+8
23:51:20.857 [JavaFX Application Thread] DEBUG Input                - Registered new binding: System info dump - CTRL+9
23:51:20.857 [JavaFX Application Thread] DEBUG Input                - Registered new binding: Restart - CTRL+R
23:51:20.858 [JavaFX Application Thread] DEBUG Input                - Registered new binding: Toggle Debug Camera - CTRL+7
23:51:20.863 [JavaFX Application Thread] DEBUG LoopRunner           - Starting loop
23:51:20.863 [JavaFX Application Thread] DEBUG LoopRunner           - Initializing JavaFX AnimationTimerLoop
23:51:20.865 [JavaFX Application Thread] DEBUG GameApplicationServi - Starting new game
23:51:20.866 [JavaFX Application Thread] DEBUG Input                - Clearing active input actions
23:51:20.882 [JavaFX Application Thread] DEBUG GameApplicationServi - Removing overlay from FXGLStartupScene and adding to FXGLLoadingScene
23:51:20.883 [JavaFX Application Thread] DEBUG PrimaryStageWindow   - FXGLStartupScene -> FXGLLoadingScene
23:51:20.883 [JavaFX Application Thread] DEBUG GameApplicationServi - Clearing previous game
23:51:20.883 [JavaFX Application Thread] DEBUG GameScene            - Clearing game scene
23:51:20.883 [JavaFX Application Thread] DEBUG GameWorld            - Clearing game world
23:51:20.883 [JavaFX Application Thread] DEBUG PhysicsWorld         - Clearing physics world
23:51:20.885 [FXGL Background Thread 1 ] DEBUG FXGLApplication      - Initializing game
23:51:20.908 [FXGL Background Thread 1 ] DEBUG FXGLAssetLoaderServi - Loading from file system: file:/C:/Users/Carson/Desktop/Monash/Y2S2%20(Current)/FIT3077/Assignment/project/board_prototype/target/classes/assets/textures/board.png
23:51:20.909 [FXGL Background Thread 4 ] DEBUG FXGLAssetLoaderServi - Loading from file system: jar:file:///C:/Users/Carson/.m2/repository/com/github/almasb/fxgl/17.1/fxgl-17.1.jar!/fxglassets/ui/fonts/Abel-Regular.ttf
23:51:20.926 [FXGL Background Thread 4 ] DEBUG FXGLAssetLoaderServi - Loading from file system: jar:file:///C:/Users/Carson/.m2/repository/com/github/almasb/fxgl/17.1/fxgl-17.1.jar!/fxglassets/ui/fonts/TerminalLandMono-Regular.otf
23:51:20.930 [FXGL Background Thread 1 ] WARN  GameWorld            - Entity is already attached to world
23:51:20.944 [FXGL Background Thread 4 ] DEBUG FXGLAssetLoaderServi - Loading from file system: jar:file:///C:/Users/Carson/.m2/repository/com/github/almasb/fxgl/17.1/fxgl-17.1.jar!/fxglassets/ui/fonts/Courier-Prime.ttf
23:51:21.065 [JavaFX Application Thread] DEBUG FXGLApplication      - Registering font factories with UI factory
23:51:21.079 [FXGL Background Thread 1 ] INFO  FXGLApplication      - Game initialization took: 0.193 sec
23:51:21.115 [JavaFX Application Thread] DEBUG Input                - Clearing active input actions
23:51:21.140 [JavaFX Application Thread] DEBUG GameApplicationServi - Removing overlay from FXGLLoadingScene and adding to GameScene
23:51:21.141 [JavaFX Application Thread] DEBUG PrimaryStageWindow   - FXGLLoadingScene -> GameScene
23:51:21.527 [FXGL Background Thread 2 ] INFO  UpdaterService       - Your current version:  17.1
23:51:21.527 [FXGL Background Thread 2 ] INFO  UpdaterService       - Latest stable version: 17.3
23:51:23.791 [FXGL Background Thread 3 ] DEBUG Engine               - Logging environment variables
23:51:23.795 [FXGL Background Thread 3 ] DEBUG Engine               - achievements: []
23:51:23.795 [FXGL Background Thread 3 ] DEBUG Engine               - actualHeight: 671.0
23:51:23.795 [FXGL Background Thread 3 ] DEBUG Engine               - actualHeightProperty: ReadOnlyDoubleProperty [value: 671.0]
23:51:23.795 [FXGL Background Thread 3 ] DEBUG Engine               - actualWidth: 1169.0
23:51:23.796 [FXGL Background Thread 3 ] DEBUG Engine               - actualWidthProperty: ReadOnlyDoubleProperty [value: 1169.0]
23:51:23.796 [FXGL Background Thread 3 ] DEBUG Engine               - appIcon: fxgl_icon.png
23:51:23.796 [FXGL Background Thread 3 ] DEBUG Engine               - applicationMode: DEVELOPER
23:51:23.796 [FXGL Background Thread 3 ] DEBUG Engine               - cSSList: [fxgl_dark.css]
23:51:23.796 [FXGL Background Thread 3 ] DEBUG Engine               - collisionDetectionStrategy: BRUTE_FORCE
23:51:23.796 [FXGL Background Thread 3 ] DEBUG Engine               - configClass: Optional.empty
23:51:23.797 [FXGL Background Thread 3 ] DEBUG Engine               - credits: []
23:51:23.801 [FXGL Background Thread 3 ] DEBUG Engine               - defaultCursor: CursorInfo(imageName=fxgl_default_cursor.png, hotspotX=7.0, hotspotY=6.0)
23:51:23.801 [FXGL Background Thread 3 ] DEBUG Engine               - devBBoxColorProperty: ObjectProperty [value: 0xff0000ff]
23:51:23.802 [FXGL Background Thread 3 ] DEBUG Engine               - devEnableDebugCameraProperty: BooleanProperty [value: false]
23:51:23.802 [FXGL Background Thread 3 ] DEBUG Engine               - devSensorColorProperty: ObjectProperty [value: 0xffff00ff]
23:51:23.802 [FXGL Background Thread 3 ] DEBUG Engine               - devShowBBoxProperty: BooleanProperty [value: false]
23:51:23.802 [FXGL Background Thread 3 ] DEBUG Engine               - devShowPositionProperty: BooleanProperty [value: false]
23:51:23.802 [FXGL Background Thread 3 ] DEBUG Engine               - enabledMenuItems: []
23:51:23.803 [FXGL Background Thread 3 ] DEBUG Engine               - engineServices: [class com.almasb.fxgl.app.services.FXGLAssetLoaderService, class com.almasb.fxgl.app.FXGLApplication$GameApplicationService, class com.almasb.fxgl.app.services.FXGLDialogService, class com.almasb.fxgl.app.services.IOTaskExecutorService, class com.almasb.fxgl.io.FileSystemService, class com.almasb.fxgl.localization.LocalizationService, class com.almasb.fxgl.app.services.SystemBundleService, class com.almasb.fxgl.profile.SaveLoadService, class com.almasb.fxgl.ui.FXGLUIFactoryServiceProvider, class com.almasb.fxgl.ui.FXGLDialogFactoryServiceProvider, class com.almasb.fxgl.audio.AudioPlayer, class com.almasb.fxgl.notification.impl.NotificationServiceProvider, class com.almasb.fxgl.achievement.AchievementService, class com.almasb.fxgl.cutscene.CutsceneService, class com.almasb.fxgl.minigames.MiniGameService, class com.almasb.fxgl.net.NetService, class com.almasb.fxgl.app.services.UpdaterService, class com.almasb.fxgl.dev.DevService]
23:51:23.803 [FXGL Background Thread 3 ] DEBUG Engine               - fontGame: Abel-Regular.ttf
23:51:23.803 [FXGL Background Thread 3 ] DEBUG Engine               - fontMono: TerminalLandMono-Regular.otf
23:51:23.803 [FXGL Background Thread 3 ] DEBUG Engine               - fontText: Courier-Prime.ttf
23:51:23.803 [FXGL Background Thread 3 ] DEBUG Engine               - fontUI: VarelaRound-Regular.ttf
23:51:23.803 [FXGL Background Thread 3 ] DEBUG Engine               - fullScreen: BooleanProperty [value: false]
23:51:23.803 [FXGL Background Thread 3 ] DEBUG Engine               - gameDifficulty: MEDIUM
23:51:23.803 [FXGL Background Thread 3 ] DEBUG Engine               - gameDifficultyProperty: ObjectProperty [value: MEDIUM]
23:51:23.804 [FXGL Background Thread 3 ] DEBUG Engine               - globalMusicVolume: 0.5
23:51:23.804 [FXGL Background Thread 3 ] DEBUG Engine               - globalMusicVolumeProperty: DoubleProperty [value: 0.5]
23:51:23.804 [FXGL Background Thread 3 ] DEBUG Engine               - globalSoundVolume: 0.5
23:51:23.804 [FXGL Background Thread 3 ] DEBUG Engine               - globalSoundVolumeProperty: DoubleProperty [value: 0.5]
23:51:23.804 [FXGL Background Thread 3 ] DEBUG Engine               - height: 720
23:51:23.804 [FXGL Background Thread 3 ] DEBUG Engine               - is3D: false
23:51:23.804 [FXGL Background Thread 3 ] DEBUG Engine               - isAndroid: false
23:51:23.804 [FXGL Background Thread 3 ] DEBUG Engine               - isBrowser: false
23:51:23.804 [FXGL Background Thread 3 ] DEBUG Engine               - isClickFeedbackEnabled: false
23:51:23.804 [FXGL Background Thread 3 ] DEBUG Engine               - isCloseConfirmation: false
23:51:23.805 [FXGL Background Thread 3 ] DEBUG Engine               - isDesktop: true
23:51:23.805 [FXGL Background Thread 3 ] DEBUG Engine               - isDeveloperMenuEnabled: false
23:51:23.805 [FXGL Background Thread 3 ] DEBUG Engine               - isEmbedded: false
23:51:23.805 [FXGL Background Thread 3 ] DEBUG Engine               - isEntityPreloadEnabled: true
23:51:23.805 [FXGL Background Thread 3 ] DEBUG Engine               - isExperimentalTiledLargeMap: false
23:51:23.805 [FXGL Background Thread 3 ] DEBUG Engine               - isFileSystemWriteAllowed: true
23:51:23.805 [FXGL Background Thread 3 ] DEBUG Engine               - isFullScreenAllowed: false
23:51:23.805 [FXGL Background Thread 3 ] DEBUG Engine               - isFullScreenFromStart: false
23:51:23.805 [FXGL Background Thread 3 ] DEBUG Engine               - isGameMenuEnabled: true
23:51:23.806 [FXGL Background Thread 3 ] DEBUG Engine               - isIOS: false
23:51:23.806 [FXGL Background Thread 3 ] DEBUG Engine               - isIntroEnabled: false
23:51:23.806 [FXGL Background Thread 3 ] DEBUG Engine               - isLinux: false
23:51:23.806 [FXGL Background Thread 3 ] DEBUG Engine               - isMac: false
23:51:23.806 [FXGL Background Thread 3 ] DEBUG Engine               - isMainMenuEnabled: false
23:51:23.806 [FXGL Background Thread 3 ] DEBUG Engine               - isManualResizeEnabled: false
23:51:23.806 [FXGL Background Thread 3 ] DEBUG Engine               - isMobile: false
23:51:23.806 [FXGL Background Thread 3 ] DEBUG Engine               - isNative: false
23:51:23.806 [FXGL Background Thread 3 ] DEBUG Engine               - isPauseMusicWhenMinimized: true
23:51:23.806 [FXGL Background Thread 3 ] DEBUG Engine               - isPreserveResizeRatio: false
23:51:23.806 [FXGL Background Thread 3 ] DEBUG Engine               - isProfilingEnabled: false
23:51:23.806 [FXGL Background Thread 3 ] DEBUG Engine               - isScaleAffectedOnResize: true
23:51:23.806 [FXGL Background Thread 3 ] DEBUG Engine               - isSingleStep: false
23:51:23.806 [FXGL Background Thread 3 ] DEBUG Engine               - isUserProfileEnabled: false
23:51:23.806 [FXGL Background Thread 3 ] DEBUG Engine               - isWindows: true
23:51:23.807 [FXGL Background Thread 3 ] DEBUG Engine               - language: ObjectProperty [value: ENGLISH]
23:51:23.807 [FXGL Background Thread 3 ] DEBUG Engine               - menuKey: ESCAPE
23:51:23.807 [FXGL Background Thread 3 ] DEBUG Engine               - mouseSensitivity: 0.2
23:51:23.807 [FXGL Background Thread 3 ] DEBUG Engine               - notificationViewClass: class com.almasb.fxgl.notification.view.XboxNotificationView
23:51:23.807 [FXGL Background Thread 3 ] DEBUG Engine               - pixelsPerMeter: 50.0
23:51:23.807 [FXGL Background Thread 3 ] DEBUG Engine               - platform: WINDOWS
23:51:23.807 [FXGL Background Thread 3 ] DEBUG Engine               - prefHeightProperty: ReadOnlyDoubleProperty [value: 720.0]
23:51:23.807 [FXGL Background Thread 3 ] DEBUG Engine               - prefWidthProperty: ReadOnlyDoubleProperty [value: 1280.0]
23:51:23.807 [FXGL Background Thread 3 ] DEBUG Engine               - profileDir: profiles/
23:51:23.807 [FXGL Background Thread 3 ] DEBUG Engine               - profileName: StringProperty [value: DEFAULT]
23:51:23.807 [FXGL Background Thread 3 ] DEBUG Engine               - randomSeed: -1
23:51:23.808 [FXGL Background Thread 3 ] DEBUG Engine               - runtimeInfo: RuntimeInfo(platform=WINDOWS, version=17.1, build=24.03.2022 17.34)
23:51:23.808 [FXGL Background Thread 3 ] DEBUG Engine               - saveFileExt: sav
23:51:23.808 [FXGL Background Thread 3 ] DEBUG Engine               - scaledHeightProp$fxgl: DoubleProperty [bound, value: 671.0]
23:51:23.808 [FXGL Background Thread 3 ] DEBUG Engine               - scaledWidthProp$fxgl: DoubleProperty [bound, value: 1169.0]
23:51:23.808 [FXGL Background Thread 3 ] DEBUG Engine               - sceneFactory: com.almasb.fxgl.app.scene.SceneFactory@4bd00570
23:51:23.808 [FXGL Background Thread 3 ] DEBUG Engine               - secondsIn24h: 60
23:51:23.808 [FXGL Background Thread 3 ] DEBUG Engine               - soundMenuBack: menu/back.wav
23:51:23.808 [FXGL Background Thread 3 ] DEBUG Engine               - soundMenuPress: menu/press.wav
23:51:23.808 [FXGL Background Thread 3 ] DEBUG Engine               - soundMenuSelect: menu/select.wav
23:51:23.808 [FXGL Background Thread 3 ] DEBUG Engine               - soundNotification: core/notification.wav
23:51:23.808 [FXGL Background Thread 3 ] DEBUG Engine               - stageStyle: DECORATED
23:51:23.808 [FXGL Background Thread 3 ] DEBUG Engine               - supportedLanguages: [ENGLISH, FRENCH, GERMAN, HUNGARIAN, RUSSIAN]
23:51:23.808 [FXGL Background Thread 3 ] DEBUG Engine               - ticksPerSecond: -1
23:51:23.808 [FXGL Background Thread 3 ] DEBUG Engine               - title: Board Prototype
23:51:23.808 [FXGL Background Thread 3 ] DEBUG Engine               - urlGithub: https://github.com/AlmasB/FXGL
23:51:23.808 [FXGL Background Thread 3 ] DEBUG Engine               - urlLeaderboard: http://fxgl-top.herokuapp.com/
23:51:23.808 [FXGL Background Thread 3 ] DEBUG Engine               - urlPOM: https://raw.githubusercontent.com/AlmasB/FXGL/release/README.md
23:51:23.808 [FXGL Background Thread 3 ] DEBUG Engine               - userAppClass: class structure.board.BoardApp
23:51:23.808 [FXGL Background Thread 3 ] DEBUG Engine               - version: 0.0
23:51:23.808 [FXGL Background Thread 3 ] DEBUG Engine               - versionCheckDays: 7
23:51:23.810 [FXGL Background Thread 3 ] DEBUG Engine               - width: 1280
23:51:23.810 [FXGL Background Thread 3 ] DEBUG Engine               - Logging services
23:51:23.810 [FXGL Background Thread 3 ] DEBUG Engine               - class com.almasb.fxgl.app.services.FXGLAssetLoaderService
23:51:23.810 [FXGL Background Thread 3 ] DEBUG Engine               - class com.almasb.fxgl.app.FXGLApplication$GameApplicationService
23:51:23.810 [FXGL Background Thread 3 ] DEBUG Engine               - class com.almasb.fxgl.app.services.FXGLDialogService
23:51:23.810 [FXGL Background Thread 3 ] DEBUG Engine               - class com.almasb.fxgl.app.services.IOTaskExecutorService
23:51:23.810 [FXGL Background Thread 3 ] DEBUG Engine               - class com.almasb.fxgl.io.FileSystemService
23:51:23.810 [FXGL Background Thread 3 ] DEBUG Engine               - class com.almasb.fxgl.localization.LocalizationService
23:51:23.810 [FXGL Background Thread 3 ] DEBUG Engine               - class com.almasb.fxgl.app.services.SystemBundleService
23:51:23.810 [FXGL Background Thread 3 ] DEBUG Engine               - class com.almasb.fxgl.profile.SaveLoadService
23:51:23.810 [FXGL Background Thread 3 ] DEBUG Engine               - class com.almasb.fxgl.ui.FXGLUIFactoryServiceProvider
23:51:23.810 [FXGL Background Thread 3 ] DEBUG Engine               - class com.almasb.fxgl.ui.FXGLDialogFactoryServiceProvider
23:51:23.810 [FXGL Background Thread 3 ] DEBUG Engine               - class com.almasb.fxgl.audio.AudioPlayer
23:51:23.810 [FXGL Background Thread 3 ] DEBUG Engine               - class com.almasb.fxgl.notification.impl.NotificationServiceProvider
23:51:23.810 [FXGL Background Thread 3 ] DEBUG Engine               - class com.almasb.fxgl.achievement.AchievementService
23:51:23.811 [FXGL Background Thread 3 ] DEBUG Engine               - class com.almasb.fxgl.cutscene.CutsceneService
23:51:23.811 [FXGL Background Thread 3 ] DEBUG Engine               - class com.almasb.fxgl.minigames.MiniGameService
23:51:23.811 [FXGL Background Thread 3 ] DEBUG Engine               - class com.almasb.fxgl.net.NetService
23:51:23.811 [FXGL Background Thread 3 ] DEBUG Engine               - class com.almasb.fxgl.app.services.UpdaterService
23:51:23.811 [FXGL Background Thread 3 ] DEBUG Engine               - class com.almasb.fxgl.dev.DevService
23:52:14.801 [JavaFX Application Thread] DEBUG FXGLApplication      - Exiting FXGL
23:52:14.801 [JavaFX Application Thread] DEBUG LoopRunner           - Stopping loop
23:52:14.801 [JavaFX Application Thread] DEBUG SystemBundleService  - Saving FXGL system data
23:52:14.806 [JavaFX Application Thread] DEBUG FileSystemAccess     - Writing to: C:\Users\Carson\Desktop\Monash\Y2S2 (Current)\FIT3077\Assignment\project\board_prototype\system\fxgl.bundle
23:52:14.811 [JavaFX Application Thread] DEBUG Async                - Shutting down background threads
23:52:14.811 [JavaFX Application Thread] DEBUG PrimaryStageWindow   - Closing main window
23:52:14.818 [JavaFX Application Thread] DEBUG Logger               - Closing Logger
