22:07:48.357 [main                     ] DEBUG Logger               - Configured Logger
22:07:48.392 [main                     ] DEBUG GameApplication      - Logging settings
Title: Basic Game App
Version: 1.0
Width: 1600
Height: 900
Fullscreen: false
Intro: false
Profiling: false
Single step:false
App Mode: DEVELOPER
Menu Key: ESCAPE
Stage Style: DECORATED
Scene Factory: class com.almasb.fxgl.app.scene.SceneFactory

22:07:48.755 [JavaFX Application Thread] DEBUG FXGLApplication      - Initializing FXGL
22:07:48.763 [JavaFX Application Thread] INFO  Engine               - FXGL-17.2 (20.08.2022 16.50) on WINDOWS (J:18.0.2 FX:17.0.2-ea)
22:07:48.763 [JavaFX Application Thread] DEBUG Engine               - JRE Vendor Name: Oracle Corporation
22:07:48.763 [JavaFX Application Thread] DEBUG Engine               - Running on OS: Windows 11 version 10.0
22:07:48.765 [JavaFX Application Thread] DEBUG Engine               - Architecture: amd64
22:07:48.765 [JavaFX Application Thread] INFO  Engine               - Source code and latest versions at: https://github.com/AlmasB/FXGL
22:07:48.765 [JavaFX Application Thread] INFO  Engine               -       Ask questions and discuss at: https://github.com/AlmasB/FXGL/discussions
22:07:48.766 [JavaFX Application Thread] INFO  Engine               -              Join the FXGL chat at: https://gitter.im/AlmasB/FXGL
22:07:48.855 [JavaFX Application Thread] DEBUG PrimaryStageWindow   - Creating a JavaFX scene
22:07:48.855 [JavaFX Application Thread] DEBUG PrimaryStageWindow   - Target size > screen size
22:07:48.903 [JavaFX Application Thread] DEBUG PrimaryStageWindow   - Target settings size: 1600.0 x 900.0
22:07:48.903 [JavaFX Application Thread] DEBUG PrimaryStageWindow   - Scaled scene size:    1169.0 x 671.0
22:07:48.904 [JavaFX Application Thread] DEBUG PrimaryStageWindow   - Scaled ratio: (0.730625, 0.7455555555555555)
22:07:48.905 [JavaFX Application Thread] DEBUG PrimaryStageWindow   - Set initial scene to FXGLStartupScene
22:07:48.911 [JavaFX Application Thread] DEBUG PrimaryStageWindow   - Opening main window
22:07:49.005 [JavaFX Application Thread] DEBUG PrimaryStageWindow   - Window border size: (15.0, 37.66668701171875)
22:07:49.005 [JavaFX Application Thread] DEBUG PrimaryStageWindow   - Scaled size: 1169.0 x 671.0
22:07:49.006 [JavaFX Application Thread] DEBUG PrimaryStageWindow   - Scaled ratio: (0.730625, 0.7455555555555555)
22:07:49.006 [JavaFX Application Thread] DEBUG PrimaryStageWindow   - Scene size: 1169.0 x 671.0
22:07:49.006 [JavaFX Application Thread] DEBUG PrimaryStageWindow   - Stage size: 1184.0 x 708.6666870117188
22:07:49.021 [FXGL Background Thread 1 ] DEBUG Engine               - Initializing environment variables
22:07:49.131 [FXGL Background Thread 1 ] DEBUG FXGLAssetLoaderServi - User app class for loading assets: class com.gameapp.trialproject.GameApp
22:07:49.132 [FXGL Background Thread 1 ] DEBUG GameApplicationServi - Applying CSS: fxgl_dark.css
22:07:49.137 [FXGL Background Thread 1 ] DEBUG FXGLAssetLoaderServi - Loading from file system: jar:file:///C:/Users/Carson/.m2/repository/com/github/almasb/fxgl/17.2/fxgl-17.2.jar!/fxglassets/ui/css/fxgl_dark.css
22:07:49.273 [FXGL Background Thread 1 ] DEBUG GameApplicationServi - Initializing application scenes
22:07:49.392 [FXGL Background Thread 1 ] DEBUG GameWorld            - Game world initialized
22:07:49.497 [FXGL Background Thread 1 ] DEBUG PhysicsWorld         - Physics world initialized: appHeight=900, physics.ppm=50.0
22:07:49.498 [FXGL Background Thread 1 ] DEBUG PhysicsWorld         - Using strategy: BRUTE_FORCE
22:07:49.506 [FXGL Background Thread 1 ] DEBUG GameScene            - Game scene initialized: 1600x900
22:07:49.524 [FXGL Background Thread 1 ] DEBUG FXGL.DefaultMenu     - createMenuBodyGameMenu()
22:07:49.545 [FXGL Background Thread 1 ] DEBUG FXGL.DefaultMenu     - createOptionsMenu()
22:07:49.567 [FXGL Background Thread 1 ] DEBUG FXGLAssetLoaderServi - Loading from file system: jar:file:///C:/Users/Carson/.m2/repository/com/github/almasb/fxgl/17.2/fxgl-17.2.jar!/fxglassets/textures/particles/smoke.png
22:07:49.740 [FXGL Background Thread 1 ] DEBUG FXGLAssetLoaderServi - Loading from file system: jar:file:///C:/Users/Carson/.m2/repository/com/github/almasb/fxgl/17.2/fxgl-17.2.jar!/fxglassets/textures/particles/trace_horizontal.png
22:07:49.790 [FXGL Background Thread 1 ] DEBUG GameApplicationServi - Application scenes initialized
22:07:49.817 [FXGL Background Thread 1 ] DEBUG SystemBundleService  - Loading FXGL system data
22:07:49.826 [FXGL Background Thread 1 ] DEBUG FileSystemAccess     - Reading from: C:\Users\Carson\Desktop\Monash\Y2S2 (Current)\FIT3077\Assignment\project\TrialProject\system\fxgl.bundle
22:07:49.843 [FXGL Background Thread 1 ] DEBUG SystemBundleService  - Bundle FXGL: {}
22:07:49.843 [FXGL Background Thread 1 ] DEBUG UpdaterService       - Checking for updates
22:07:49.851 [FXGL Background Thread 4 ] DEBUG FXGLApplication      - Loading fonts
22:07:49.852 [FXGL Background Thread 1 ] DEBUG FXGLApplication      - Loading default localization
22:07:49.852 [FXGL Background Thread 4 ] DEBUG FXGLAssetLoaderServi - Loading from file system: jar:file:///C:/Users/Carson/.m2/repository/com/github/almasb/fxgl/17.2/fxgl-17.2.jar!/fxglassets/ui/fonts/VarelaRound-Regular.ttf
22:07:49.852 [FXGL Background Thread 1 ] DEBUG FXGLAssetLoaderServi - Loading from file system: jar:file:///C:/Users/Carson/.m2/repository/com/github/almasb/fxgl/17.2/fxgl-17.2.jar!/fxglassets/languages/english.lang
22:07:49.879 [FXGL Background Thread 1 ] INFO  FXGLApplication      - FXGL initialization took: 0.856 sec
22:07:49.893 [JavaFX Application Thread] DEBUG Input                - Registered new binding: action0 - D
22:07:49.895 [JavaFX Application Thread] DEBUG Input                - Registered new binding: action1 - A
22:07:49.896 [JavaFX Application Thread] DEBUG Input                - Registered new binding: action2 - W
22:07:49.897 [JavaFX Application Thread] DEBUG Input                - Registered new binding: action3 - S
22:07:49.898 [JavaFX Application Thread] DEBUG FXGLAssetLoaderServi - Loading from file system: jar:file:///C:/Users/Carson/.m2/repository/com/github/almasb/fxgl/17.2/fxgl-17.2.jar!/fxglassets/textures/fxgl_icon.png
22:07:49.924 [JavaFX Application Thread] DEBUG FXGLAssetLoaderServi - Loading from file system: jar:file:///C:/Users/Carson/.m2/repository/com/github/almasb/fxgl/17.2/fxgl-17.2.jar!/fxglassets/textures/fxgl_default_cursor.png
22:07:49.928 [JavaFX Application Thread] DEBUG Input                - Registered new binding: Screenshot - CTRL+8
22:07:49.929 [JavaFX Application Thread] DEBUG Input                - Registered new binding: System info dump - CTRL+9
22:07:49.930 [JavaFX Application Thread] DEBUG Input                - Registered new binding: Restart - CTRL+R
22:07:49.931 [JavaFX Application Thread] DEBUG Input                - Registered new binding: Toggle Debug Camera - CTRL+7
22:07:49.935 [JavaFX Application Thread] DEBUG LoopRunner           - Starting loop
22:07:49.935 [JavaFX Application Thread] DEBUG LoopRunner           - Initializing JavaFX AnimationTimerLoop
22:07:49.937 [JavaFX Application Thread] DEBUG GameApplicationServi - Starting new game
22:07:49.938 [JavaFX Application Thread] DEBUG Input                - Clearing active input actions
22:07:49.956 [JavaFX Application Thread] DEBUG GameApplicationServi - Removing overlay from FXGLStartupScene and adding to FXGLLoadingScene
22:07:49.957 [JavaFX Application Thread] DEBUG PrimaryStageWindow   - FXGLStartupScene -> FXGLLoadingScene
22:07:49.957 [JavaFX Application Thread] DEBUG GameApplicationServi - Clearing previous game
22:07:49.957 [JavaFX Application Thread] DEBUG GameScene            - Clearing game scene
22:07:49.957 [JavaFX Application Thread] DEBUG GameWorld            - Clearing game world
22:07:49.957 [JavaFX Application Thread] DEBUG PhysicsWorld         - Clearing physics world
22:07:49.959 [FXGL Background Thread 1 ] DEBUG FXGLApplication      - Initializing game
22:07:50.045 [FXGL Background Thread 1 ] DEBUG FXGLAssetLoaderServi - Loading from file system: file:/C:/Users/Carson/Desktop/Monash/Y2S2%20(Current)/FIT3077/Assignment/project/TrialProject/trialproject/target/classes/assets/textures/background.png
22:07:50.084 [FXGL Background Thread 1 ] INFO  FXGLApplication      - Game initialization took: 0.124 sec
22:07:50.100 [FXGL Background Thread 4 ] DEBUG FXGLAssetLoaderServi - Loading from file system: jar:file:///C:/Users/Carson/.m2/repository/com/github/almasb/fxgl/17.2/fxgl-17.2.jar!/fxglassets/ui/fonts/Abel-Regular.ttf
22:07:50.120 [FXGL Background Thread 4 ] DEBUG FXGLAssetLoaderServi - Loading from file system: jar:file:///C:/Users/Carson/.m2/repository/com/github/almasb/fxgl/17.2/fxgl-17.2.jar!/fxglassets/ui/fonts/TerminalLandMono-Regular.otf
22:07:50.153 [JavaFX Application Thread] DEBUG Input                - Clearing active input actions
22:07:50.153 [FXGL Background Thread 4 ] DEBUG FXGLAssetLoaderServi - Loading from file system: jar:file:///C:/Users/Carson/.m2/repository/com/github/almasb/fxgl/17.2/fxgl-17.2.jar!/fxglassets/ui/fonts/Courier-Prime.ttf
22:07:50.172 [JavaFX Application Thread] DEBUG GameApplicationServi - Removing overlay from FXGLLoadingScene and adding to GameScene
22:07:50.172 [JavaFX Application Thread] DEBUG PrimaryStageWindow   - FXGLLoadingScene -> GameScene
22:07:50.259 [JavaFX Application Thread] DEBUG FXGLApplication      - Registering font factories with UI factory
22:07:51.001 [FXGL Background Thread 2 ] INFO  UpdaterService       - Your current version:  17.2
22:07:51.001 [FXGL Background Thread 2 ] INFO  UpdaterService       - Latest stable version: 17.3
22:07:52.850 [FXGL Background Thread 3 ] DEBUG Engine               - Logging environment variables
22:07:52.851 [FXGL Background Thread 3 ] DEBUG Engine               - achievements: []
22:07:52.851 [FXGL Background Thread 3 ] DEBUG Engine               - actualHeight: 671.0
22:07:52.851 [FXGL Background Thread 3 ] DEBUG Engine               - actualHeightProperty: ReadOnlyDoubleProperty [value: 671.0]
22:07:52.852 [FXGL Background Thread 3 ] DEBUG Engine               - actualWidth: 1169.0
22:07:52.852 [FXGL Background Thread 3 ] DEBUG Engine               - actualWidthProperty: ReadOnlyDoubleProperty [value: 1169.0]
22:07:52.852 [FXGL Background Thread 3 ] DEBUG Engine               - appIcon: fxgl_icon.png
22:07:52.852 [FXGL Background Thread 3 ] DEBUG Engine               - applicationMode: DEVELOPER
22:07:52.852 [FXGL Background Thread 3 ] DEBUG Engine               - cSSList: [fxgl_dark.css]
22:07:52.852 [FXGL Background Thread 3 ] DEBUG Engine               - collisionDetectionStrategy: BRUTE_FORCE
22:07:52.852 [FXGL Background Thread 3 ] DEBUG Engine               - configClass: Optional.empty
22:07:52.853 [FXGL Background Thread 3 ] DEBUG Engine               - credits: []
22:07:52.853 [FXGL Background Thread 3 ] DEBUG Engine               - defaultCursor: CursorInfo(imageName=fxgl_default_cursor.png, hotspotX=7.0, hotspotY=6.0)
22:07:52.854 [FXGL Background Thread 3 ] DEBUG Engine               - devBBoxColorProperty: ObjectProperty [value: 0xff0000ff]
22:07:52.854 [FXGL Background Thread 3 ] DEBUG Engine               - devEnableDebugCameraProperty: BooleanProperty [value: false]
22:07:52.854 [FXGL Background Thread 3 ] DEBUG Engine               - devSensorColorProperty: ObjectProperty [value: 0xffff00ff]
22:07:52.854 [FXGL Background Thread 3 ] DEBUG Engine               - devShowBBoxProperty: BooleanProperty [value: false]
22:07:52.854 [FXGL Background Thread 3 ] DEBUG Engine               - devShowPositionProperty: BooleanProperty [value: false]
22:07:52.854 [FXGL Background Thread 3 ] DEBUG Engine               - enabledMenuItems: []
22:07:52.854 [FXGL Background Thread 3 ] DEBUG Engine               - engineServices: [class com.almasb.fxgl.app.services.FXGLAssetLoaderService, class com.almasb.fxgl.app.FXGLApplication$GameApplicationService, class com.almasb.fxgl.app.services.FXGLDialogService, class com.almasb.fxgl.app.services.IOTaskExecutorService, class com.almasb.fxgl.io.FileSystemService, class com.almasb.fxgl.localization.LocalizationService, class com.almasb.fxgl.app.services.SystemBundleService, class com.almasb.fxgl.profile.SaveLoadService, class com.almasb.fxgl.ui.FXGLUIFactoryServiceProvider, class com.almasb.fxgl.ui.FXGLDialogFactoryServiceProvider, class com.almasb.fxgl.audio.AudioPlayer, class com.almasb.fxgl.notification.impl.NotificationServiceProvider, class com.almasb.fxgl.achievement.AchievementService, class com.almasb.fxgl.cutscene.CutsceneService, class com.almasb.fxgl.minigames.MiniGameService, class com.almasb.fxgl.net.NetService, class com.almasb.fxgl.app.services.UpdaterService, class com.almasb.fxgl.dev.DevService]
22:07:52.854 [FXGL Background Thread 3 ] DEBUG Engine               - fontGame: Abel-Regular.ttf
22:07:52.854 [FXGL Background Thread 3 ] DEBUG Engine               - fontMono: TerminalLandMono-Regular.otf
22:07:52.854 [FXGL Background Thread 3 ] DEBUG Engine               - fontText: Courier-Prime.ttf
22:07:52.855 [FXGL Background Thread 3 ] DEBUG Engine               - fontUI: VarelaRound-Regular.ttf
22:07:52.855 [FXGL Background Thread 3 ] DEBUG Engine               - fullScreen: BooleanProperty [value: false]
22:07:52.855 [FXGL Background Thread 3 ] DEBUG Engine               - gameDifficulty: MEDIUM
22:07:52.855 [FXGL Background Thread 3 ] DEBUG Engine               - gameDifficultyProperty: ObjectProperty [value: MEDIUM]
22:07:52.855 [FXGL Background Thread 3 ] DEBUG Engine               - globalMusicVolume: 0.5
22:07:52.855 [FXGL Background Thread 3 ] DEBUG Engine               - globalMusicVolumeProperty: DoubleProperty [value: 0.5]
22:07:52.855 [FXGL Background Thread 3 ] DEBUG Engine               - globalSoundVolume: 0.5
22:07:52.855 [FXGL Background Thread 3 ] DEBUG Engine               - globalSoundVolumeProperty: DoubleProperty [value: 0.5]
22:07:52.855 [FXGL Background Thread 3 ] DEBUG Engine               - height: 900
22:07:52.855 [FXGL Background Thread 3 ] DEBUG Engine               - is3D: false
22:07:52.855 [FXGL Background Thread 3 ] DEBUG Engine               - isAndroid: false
22:07:52.855 [FXGL Background Thread 3 ] DEBUG Engine               - isBrowser: false
22:07:52.855 [FXGL Background Thread 3 ] DEBUG Engine               - isClickFeedbackEnabled: false
22:07:52.855 [FXGL Background Thread 3 ] DEBUG Engine               - isCloseConfirmation: false
22:07:52.855 [FXGL Background Thread 3 ] DEBUG Engine               - isDesktop: true
22:07:52.855 [FXGL Background Thread 3 ] DEBUG Engine               - isDeveloperMenuEnabled: false
22:07:52.855 [FXGL Background Thread 3 ] DEBUG Engine               - isEmbedded: false
22:07:52.855 [FXGL Background Thread 3 ] DEBUG Engine               - isEntityPreloadEnabled: true
22:07:52.856 [FXGL Background Thread 3 ] DEBUG Engine               - isExperimentalTiledLargeMap: false
22:07:52.856 [FXGL Background Thread 3 ] DEBUG Engine               - isFileSystemWriteAllowed: true
22:07:52.856 [FXGL Background Thread 3 ] DEBUG Engine               - isFullScreenAllowed: false
22:07:52.856 [FXGL Background Thread 3 ] DEBUG Engine               - isFullScreenFromStart: false
22:07:52.856 [FXGL Background Thread 3 ] DEBUG Engine               - isGameMenuEnabled: true
22:07:52.856 [FXGL Background Thread 3 ] DEBUG Engine               - isIOS: false
22:07:52.856 [FXGL Background Thread 3 ] DEBUG Engine               - isIntroEnabled: false
22:07:52.856 [FXGL Background Thread 3 ] DEBUG Engine               - isLinux: false
22:07:52.856 [FXGL Background Thread 3 ] DEBUG Engine               - isMac: false
22:07:52.856 [FXGL Background Thread 3 ] DEBUG Engine               - isMainMenuEnabled: false
22:07:52.857 [FXGL Background Thread 3 ] DEBUG Engine               - isManualResizeEnabled: false
22:07:52.857 [FXGL Background Thread 3 ] DEBUG Engine               - isMobile: false
22:07:52.857 [FXGL Background Thread 3 ] DEBUG Engine               - isNative: false
22:07:52.857 [FXGL Background Thread 3 ] DEBUG Engine               - isPauseMusicWhenMinimized: true
22:07:52.857 [FXGL Background Thread 3 ] DEBUG Engine               - isPreserveResizeRatio: false
22:07:52.857 [FXGL Background Thread 3 ] DEBUG Engine               - isProfilingEnabled: false
22:07:52.857 [FXGL Background Thread 3 ] DEBUG Engine               - isScaleAffectedOnResize: true
22:07:52.857 [FXGL Background Thread 3 ] DEBUG Engine               - isSingleStep: false
22:07:52.857 [FXGL Background Thread 3 ] DEBUG Engine               - isUserProfileEnabled: false
22:07:52.857 [FXGL Background Thread 3 ] DEBUG Engine               - isWindows: true
22:07:52.857 [FXGL Background Thread 3 ] DEBUG Engine               - language: ObjectProperty [value: ENGLISH]
22:07:52.858 [FXGL Background Thread 3 ] DEBUG Engine               - menuKey: ESCAPE
22:07:52.858 [FXGL Background Thread 3 ] DEBUG Engine               - mouseSensitivity: 0.2
22:07:52.858 [FXGL Background Thread 3 ] DEBUG Engine               - notificationViewClass: class com.almasb.fxgl.notification.view.XboxNotificationView
22:07:52.858 [FXGL Background Thread 3 ] DEBUG Engine               - pixelsPerMeter: 50.0
22:07:52.858 [FXGL Background Thread 3 ] DEBUG Engine               - platform: WINDOWS
22:07:52.858 [FXGL Background Thread 3 ] DEBUG Engine               - prefHeightProperty: ReadOnlyDoubleProperty [value: 900.0]
22:07:52.858 [FXGL Background Thread 3 ] DEBUG Engine               - prefWidthProperty: ReadOnlyDoubleProperty [value: 1600.0]
22:07:52.858 [FXGL Background Thread 3 ] DEBUG Engine               - profileDir: profiles/
22:07:52.858 [FXGL Background Thread 3 ] DEBUG Engine               - profileName: StringProperty [value: DEFAULT]
22:07:52.858 [FXGL Background Thread 3 ] DEBUG Engine               - randomSeed: -1
22:07:52.858 [FXGL Background Thread 3 ] DEBUG Engine               - runtimeInfo: RuntimeInfo(platform=WINDOWS, version=17.2, build=20.08.2022 16.50)
22:07:52.859 [FXGL Background Thread 3 ] DEBUG Engine               - saveFileExt: sav
22:07:52.859 [FXGL Background Thread 3 ] DEBUG Engine               - scaledHeightProp$fxgl: DoubleProperty [bound, value: 671.0]
22:07:52.859 [FXGL Background Thread 3 ] DEBUG Engine               - scaledWidthProp$fxgl: DoubleProperty [bound, value: 1169.0]
22:07:52.859 [FXGL Background Thread 3 ] DEBUG Engine               - sceneFactory: com.almasb.fxgl.app.scene.SceneFactory@12af33d8
22:07:52.859 [FXGL Background Thread 3 ] DEBUG Engine               - secondsIn24h: 60
22:07:52.859 [FXGL Background Thread 3 ] DEBUG Engine               - soundMenuBack: menu/back.wav
22:07:52.859 [FXGL Background Thread 3 ] DEBUG Engine               - soundMenuPress: menu/press.wav
22:07:52.859 [FXGL Background Thread 3 ] DEBUG Engine               - soundMenuSelect: menu/select.wav
22:07:52.859 [FXGL Background Thread 3 ] DEBUG Engine               - soundNotification: core/notification.wav
22:07:52.859 [FXGL Background Thread 3 ] DEBUG Engine               - stageStyle: DECORATED
22:07:52.859 [FXGL Background Thread 3 ] DEBUG Engine               - supportedLanguages: [ENGLISH, FRENCH, GERMAN, HUNGARIAN, RUSSIAN]
22:07:52.859 [FXGL Background Thread 3 ] DEBUG Engine               - ticksPerSecond: -1
22:07:52.859 [FXGL Background Thread 3 ] DEBUG Engine               - title: Basic Game App
22:07:52.859 [FXGL Background Thread 3 ] DEBUG Engine               - urlGithub: https://github.com/AlmasB/FXGL
22:07:52.859 [FXGL Background Thread 3 ] DEBUG Engine               - urlLeaderboard: http://fxgl-top.herokuapp.com/
22:07:52.859 [FXGL Background Thread 3 ] DEBUG Engine               - urlPOM: https://raw.githubusercontent.com/AlmasB/FXGL/release/README.md
22:07:52.859 [FXGL Background Thread 3 ] DEBUG Engine               - userAppClass: class com.gameapp.trialproject.GameApp
22:07:52.860 [FXGL Background Thread 3 ] DEBUG Engine               - version: 1.0
22:07:52.860 [FXGL Background Thread 3 ] DEBUG Engine               - versionCheckDays: 7
22:07:52.860 [FXGL Background Thread 3 ] DEBUG Engine               - width: 1600
22:07:52.860 [FXGL Background Thread 3 ] DEBUG Engine               - Logging services
22:07:52.860 [FXGL Background Thread 3 ] DEBUG Engine               - class com.almasb.fxgl.app.services.FXGLAssetLoaderService
22:07:52.860 [FXGL Background Thread 3 ] DEBUG Engine               - class com.almasb.fxgl.app.FXGLApplication$GameApplicationService
22:07:52.860 [FXGL Background Thread 3 ] DEBUG Engine               - class com.almasb.fxgl.app.services.FXGLDialogService
22:07:52.860 [FXGL Background Thread 3 ] DEBUG Engine               - class com.almasb.fxgl.app.services.IOTaskExecutorService
22:07:52.860 [FXGL Background Thread 3 ] DEBUG Engine               - class com.almasb.fxgl.io.FileSystemService
22:07:52.861 [FXGL Background Thread 3 ] DEBUG Engine               - class com.almasb.fxgl.localization.LocalizationService
22:07:52.861 [FXGL Background Thread 3 ] DEBUG Engine               - class com.almasb.fxgl.app.services.SystemBundleService
22:07:52.861 [FXGL Background Thread 3 ] DEBUG Engine               - class com.almasb.fxgl.profile.SaveLoadService
22:07:52.861 [FXGL Background Thread 3 ] DEBUG Engine               - class com.almasb.fxgl.ui.FXGLUIFactoryServiceProvider
22:07:52.861 [FXGL Background Thread 3 ] DEBUG Engine               - class com.almasb.fxgl.ui.FXGLDialogFactoryServiceProvider
22:07:52.861 [FXGL Background Thread 3 ] DEBUG Engine               - class com.almasb.fxgl.audio.AudioPlayer
22:07:52.861 [FXGL Background Thread 3 ] DEBUG Engine               - class com.almasb.fxgl.notification.impl.NotificationServiceProvider
22:07:52.861 [FXGL Background Thread 3 ] DEBUG Engine               - class com.almasb.fxgl.achievement.AchievementService
22:07:52.861 [FXGL Background Thread 3 ] DEBUG Engine               - class com.almasb.fxgl.cutscene.CutsceneService
22:07:52.861 [FXGL Background Thread 3 ] DEBUG Engine               - class com.almasb.fxgl.minigames.MiniGameService
22:07:52.861 [FXGL Background Thread 3 ] DEBUG Engine               - class com.almasb.fxgl.net.NetService
22:07:52.861 [FXGL Background Thread 3 ] DEBUG Engine               - class com.almasb.fxgl.app.services.UpdaterService
22:07:52.861 [FXGL Background Thread 3 ] DEBUG Engine               - class com.almasb.fxgl.dev.DevService
22:08:06.392 [JavaFX Application Thread] DEBUG FXGLApplication      - Exiting FXGL
22:08:06.392 [JavaFX Application Thread] DEBUG LoopRunner           - Stopping loop
22:08:06.392 [JavaFX Application Thread] DEBUG SystemBundleService  - Saving FXGL system data
22:08:06.397 [JavaFX Application Thread] DEBUG FileSystemAccess     - Writing to: C:\Users\Carson\Desktop\Monash\Y2S2 (Current)\FIT3077\Assignment\project\TrialProject\system\fxgl.bundle
22:08:06.403 [JavaFX Application Thread] DEBUG Async                - Shutting down background threads
22:08:06.404 [JavaFX Application Thread] DEBUG PrimaryStageWindow   - Closing main window
22:08:06.416 [JavaFX Application Thread] DEBUG Logger               - Closing Logger
