22:05:08.405 [main                     ] DEBUG Logger               - Configured Logger
22:05:08.441 [main                     ] DEBUG GameApplication      - Logging settings
Title: Basic Game App
Version: 1.0
Width: 600
Height: 600
Fullscreen: false
Intro: false
Profiling: false
Single step:false
App Mode: DEVELOPER
Menu Key: ESCAPE
Stage Style: DECORATED
Scene Factory: class com.almasb.fxgl.app.scene.SceneFactory

22:05:08.825 [JavaFX Application Thread] DEBUG FXGLApplication      - Initializing FXGL
22:05:08.832 [JavaFX Application Thread] INFO  Engine               - FXGL-17.2 (20.08.2022 16.50) on WINDOWS (J:18.0.2 FX:17.0.2-ea)
22:05:08.833 [JavaFX Application Thread] DEBUG Engine               - JRE Vendor Name: Oracle Corporation
22:05:08.833 [JavaFX Application Thread] DEBUG Engine               - Running on OS: Windows 11 version 10.0
22:05:08.835 [JavaFX Application Thread] DEBUG Engine               - Architecture: amd64
22:05:08.835 [JavaFX Application Thread] INFO  Engine               - Source code and latest versions at: https://github.com/AlmasB/FXGL
22:05:08.835 [JavaFX Application Thread] INFO  Engine               -       Ask questions and discuss at: https://github.com/AlmasB/FXGL/discussions
22:05:08.835 [JavaFX Application Thread] INFO  Engine               -              Join the FXGL chat at: https://gitter.im/AlmasB/FXGL
22:05:08.926 [JavaFX Application Thread] DEBUG PrimaryStageWindow   - Creating a JavaFX scene
22:05:08.974 [JavaFX Application Thread] DEBUG PrimaryStageWindow   - Target settings size: 600.0 x 600.0
22:05:08.975 [JavaFX Application Thread] DEBUG PrimaryStageWindow   - Scaled scene size:    600.0 x 600.0
22:05:08.975 [JavaFX Application Thread] DEBUG PrimaryStageWindow   - Scaled ratio: (1.0, 1.0)
22:05:08.976 [JavaFX Application Thread] DEBUG PrimaryStageWindow   - Set initial scene to FXGLStartupScene
22:05:08.983 [JavaFX Application Thread] DEBUG PrimaryStageWindow   - Opening main window
22:05:09.084 [JavaFX Application Thread] DEBUG PrimaryStageWindow   - Window border size: (14.66668701171875, 37.33331298828125)
22:05:09.085 [JavaFX Application Thread] DEBUG PrimaryStageWindow   - Scaled size: 600.0 x 600.0
22:05:09.085 [JavaFX Application Thread] DEBUG PrimaryStageWindow   - Scaled ratio: (1.0, 1.0)
22:05:09.085 [JavaFX Application Thread] DEBUG PrimaryStageWindow   - Scene size: 600.0 x 600.0
22:05:09.086 [JavaFX Application Thread] DEBUG PrimaryStageWindow   - Stage size: 614.6666870117188 x 637.3333129882812
22:05:09.103 [FXGL Background Thread 1 ] DEBUG Engine               - Initializing environment variables
22:05:09.206 [FXGL Background Thread 1 ] DEBUG FXGLAssetLoaderServi - User app class for loading assets: class com.gameapp.trialproject.GameApp
22:05:09.206 [FXGL Background Thread 1 ] DEBUG GameApplicationServi - Applying CSS: fxgl_dark.css
22:05:09.207 [FXGL Background Thread 1 ] DEBUG FXGLAssetLoaderServi - Loading from file system: jar:file:///C:/Users/Carson/.m2/repository/com/github/almasb/fxgl/17.2/fxgl-17.2.jar!/fxglassets/ui/css/fxgl_dark.css
22:05:09.309 [FXGL Background Thread 1 ] DEBUG GameApplicationServi - Initializing application scenes
22:05:09.419 [FXGL Background Thread 1 ] DEBUG GameWorld            - Game world initialized
22:05:09.526 [FXGL Background Thread 1 ] DEBUG PhysicsWorld         - Physics world initialized: appHeight=600, physics.ppm=50.0
22:05:09.527 [FXGL Background Thread 1 ] DEBUG PhysicsWorld         - Using strategy: BRUTE_FORCE
22:05:09.534 [FXGL Background Thread 1 ] DEBUG GameScene            - Game scene initialized: 600x600
22:05:09.552 [FXGL Background Thread 1 ] WARN  FXGL.DefaultMenu     - FXGLDefaultMenu is not designed for resolutions < 800x600
22:05:09.553 [FXGL Background Thread 1 ] DEBUG FXGL.DefaultMenu     - createMenuBodyGameMenu()
22:05:09.573 [FXGL Background Thread 1 ] DEBUG FXGL.DefaultMenu     - createOptionsMenu()
22:05:09.586 [FXGL Background Thread 1 ] DEBUG FXGLAssetLoaderServi - Loading from file system: jar:file:///C:/Users/Carson/.m2/repository/com/github/almasb/fxgl/17.2/fxgl-17.2.jar!/fxglassets/textures/particles/smoke.png
22:05:09.699 [FXGL Background Thread 1 ] DEBUG FXGLAssetLoaderServi - Loading from file system: jar:file:///C:/Users/Carson/.m2/repository/com/github/almasb/fxgl/17.2/fxgl-17.2.jar!/fxglassets/textures/particles/trace_horizontal.png
22:05:09.746 [FXGL Background Thread 1 ] DEBUG GameApplicationServi - Application scenes initialized
22:05:09.778 [FXGL Background Thread 1 ] DEBUG SystemBundleService  - Loading FXGL system data
22:05:09.786 [FXGL Background Thread 1 ] DEBUG FileSystemAccess     - Reading from: C:\Users\Carson\Desktop\Monash\Y2S2 (Current)\FIT3077\Assignment\project\TrialProject\system\fxgl.bundle
22:05:09.805 [FXGL Background Thread 1 ] DEBUG SystemBundleService  - Bundle FXGL: {}
22:05:09.806 [FXGL Background Thread 1 ] DEBUG UpdaterService       - Checking for updates
22:05:09.817 [FXGL Background Thread 4 ] DEBUG FXGLApplication      - Loading fonts
22:05:09.818 [FXGL Background Thread 4 ] DEBUG FXGLAssetLoaderServi - Loading from file system: jar:file:///C:/Users/Carson/.m2/repository/com/github/almasb/fxgl/17.2/fxgl-17.2.jar!/fxglassets/ui/fonts/VarelaRound-Regular.ttf
22:05:09.818 [FXGL Background Thread 1 ] DEBUG FXGLApplication      - Loading default localization
22:05:09.819 [FXGL Background Thread 1 ] DEBUG FXGLAssetLoaderServi - Loading from file system: jar:file:///C:/Users/Carson/.m2/repository/com/github/almasb/fxgl/17.2/fxgl-17.2.jar!/fxglassets/languages/english.lang
22:05:09.861 [FXGL Background Thread 1 ] INFO  FXGLApplication      - FXGL initialization took: 0.759 sec
22:05:09.878 [JavaFX Application Thread] DEBUG Input                - Registered new binding: action0 - D
22:05:09.879 [JavaFX Application Thread] DEBUG Input                - Registered new binding: action1 - A
22:05:09.879 [JavaFX Application Thread] DEBUG Input                - Registered new binding: action2 - W
22:05:09.880 [JavaFX Application Thread] DEBUG Input                - Registered new binding: action3 - S
22:05:09.881 [JavaFX Application Thread] DEBUG FXGLAssetLoaderServi - Loading from file system: jar:file:///C:/Users/Carson/.m2/repository/com/github/almasb/fxgl/17.2/fxgl-17.2.jar!/fxglassets/textures/fxgl_icon.png
22:05:09.901 [JavaFX Application Thread] DEBUG FXGLAssetLoaderServi - Loading from file system: jar:file:///C:/Users/Carson/.m2/repository/com/github/almasb/fxgl/17.2/fxgl-17.2.jar!/fxglassets/textures/fxgl_default_cursor.png
22:05:09.904 [JavaFX Application Thread] DEBUG Input                - Registered new binding: Screenshot - CTRL+8
22:05:09.904 [JavaFX Application Thread] DEBUG Input                - Registered new binding: System info dump - CTRL+9
22:05:09.905 [JavaFX Application Thread] DEBUG Input                - Registered new binding: Restart - CTRL+R
22:05:09.905 [JavaFX Application Thread] DEBUG Input                - Registered new binding: Toggle Debug Camera - CTRL+7
22:05:09.909 [JavaFX Application Thread] DEBUG LoopRunner           - Starting loop
22:05:09.909 [JavaFX Application Thread] DEBUG LoopRunner           - Initializing JavaFX AnimationTimerLoop
22:05:09.911 [JavaFX Application Thread] DEBUG GameApplicationServi - Starting new game
22:05:09.912 [JavaFX Application Thread] DEBUG Input                - Clearing active input actions
22:05:09.926 [JavaFX Application Thread] DEBUG GameApplicationServi - Removing overlay from FXGLStartupScene and adding to FXGLLoadingScene
22:05:09.926 [JavaFX Application Thread] DEBUG PrimaryStageWindow   - FXGLStartupScene -> FXGLLoadingScene
22:05:09.926 [JavaFX Application Thread] DEBUG GameApplicationServi - Clearing previous game
22:05:09.927 [JavaFX Application Thread] DEBUG GameScene            - Clearing game scene
22:05:09.927 [JavaFX Application Thread] DEBUG GameWorld            - Clearing game world
22:05:09.927 [JavaFX Application Thread] DEBUG PhysicsWorld         - Clearing physics world
22:05:09.929 [FXGL Background Thread 1 ] DEBUG FXGLApplication      - Initializing game
22:05:09.939 [FXGL Background Thread 4 ] DEBUG FXGLAssetLoaderServi - Loading from file system: jar:file:///C:/Users/Carson/.m2/repository/com/github/almasb/fxgl/17.2/fxgl-17.2.jar!/fxglassets/ui/fonts/Abel-Regular.ttf
22:05:09.948 [FXGL Background Thread 1 ] DEBUG FXGLAssetLoaderServi - Loading from file system: file:/C:/Users/Carson/Desktop/Monash/Y2S2%20(Current)/FIT3077/Assignment/project/TrialProject/trialproject/target/classes/assets/textures/background.png
22:05:09.955 [FXGL Background Thread 4 ] DEBUG FXGLAssetLoaderServi - Loading from file system: jar:file:///C:/Users/Carson/.m2/repository/com/github/almasb/fxgl/17.2/fxgl-17.2.jar!/fxglassets/ui/fonts/TerminalLandMono-Regular.otf
22:05:09.969 [FXGL Background Thread 4 ] DEBUG FXGLAssetLoaderServi - Loading from file system: jar:file:///C:/Users/Carson/.m2/repository/com/github/almasb/fxgl/17.2/fxgl-17.2.jar!/fxglassets/ui/fonts/Courier-Prime.ttf
22:05:09.998 [FXGL Background Thread 1 ] INFO  FXGLApplication      - Game initialization took: 0.068 sec
22:05:10.050 [JavaFX Application Thread] DEBUG FXGLApplication      - Registering font factories with UI factory
22:05:10.053 [JavaFX Application Thread] DEBUG Input                - Clearing active input actions
22:05:10.067 [JavaFX Application Thread] DEBUG GameApplicationServi - Removing overlay from FXGLLoadingScene and adding to GameScene
22:05:10.068 [JavaFX Application Thread] DEBUG PrimaryStageWindow   - FXGLLoadingScene -> GameScene
22:05:10.558 [FXGL Background Thread 2 ] INFO  UpdaterService       - Your current version:  17.2
22:05:10.559 [FXGL Background Thread 2 ] INFO  UpdaterService       - Latest stable version: 17.3
22:05:12.815 [FXGL Background Thread 3 ] DEBUG Engine               - Logging environment variables
22:05:12.816 [FXGL Background Thread 3 ] DEBUG Engine               - achievements: []
22:05:12.816 [FXGL Background Thread 3 ] DEBUG Engine               - actualHeight: 600.0
22:05:12.817 [FXGL Background Thread 3 ] DEBUG Engine               - actualHeightProperty: ReadOnlyDoubleProperty [value: 600.0]
22:05:12.817 [FXGL Background Thread 3 ] DEBUG Engine               - actualWidth: 600.0
22:05:12.817 [FXGL Background Thread 3 ] DEBUG Engine               - actualWidthProperty: ReadOnlyDoubleProperty [value: 600.0]
22:05:12.817 [FXGL Background Thread 3 ] DEBUG Engine               - appIcon: fxgl_icon.png
22:05:12.817 [FXGL Background Thread 3 ] DEBUG Engine               - applicationMode: DEVELOPER
22:05:12.817 [FXGL Background Thread 3 ] DEBUG Engine               - cSSList: [fxgl_dark.css]
22:05:12.817 [FXGL Background Thread 3 ] DEBUG Engine               - collisionDetectionStrategy: BRUTE_FORCE
22:05:12.818 [FXGL Background Thread 3 ] DEBUG Engine               - configClass: Optional.empty
22:05:12.818 [FXGL Background Thread 3 ] DEBUG Engine               - credits: []
22:05:12.818 [FXGL Background Thread 3 ] DEBUG Engine               - defaultCursor: CursorInfo(imageName=fxgl_default_cursor.png, hotspotX=7.0, hotspotY=6.0)
22:05:12.818 [FXGL Background Thread 3 ] DEBUG Engine               - devBBoxColorProperty: ObjectProperty [value: 0xff0000ff]
22:05:12.818 [FXGL Background Thread 3 ] DEBUG Engine               - devEnableDebugCameraProperty: BooleanProperty [value: false]
22:05:12.818 [FXGL Background Thread 3 ] DEBUG Engine               - devSensorColorProperty: ObjectProperty [value: 0xffff00ff]
22:05:12.818 [FXGL Background Thread 3 ] DEBUG Engine               - devShowBBoxProperty: BooleanProperty [value: false]
22:05:12.819 [FXGL Background Thread 3 ] DEBUG Engine               - devShowPositionProperty: BooleanProperty [value: false]
22:05:12.819 [FXGL Background Thread 3 ] DEBUG Engine               - enabledMenuItems: []
22:05:12.819 [FXGL Background Thread 3 ] DEBUG Engine               - engineServices: [class com.almasb.fxgl.app.services.FXGLAssetLoaderService, class com.almasb.fxgl.app.FXGLApplication$GameApplicationService, class com.almasb.fxgl.app.services.FXGLDialogService, class com.almasb.fxgl.app.services.IOTaskExecutorService, class com.almasb.fxgl.io.FileSystemService, class com.almasb.fxgl.localization.LocalizationService, class com.almasb.fxgl.app.services.SystemBundleService, class com.almasb.fxgl.profile.SaveLoadService, class com.almasb.fxgl.ui.FXGLUIFactoryServiceProvider, class com.almasb.fxgl.ui.FXGLDialogFactoryServiceProvider, class com.almasb.fxgl.audio.AudioPlayer, class com.almasb.fxgl.notification.impl.NotificationServiceProvider, class com.almasb.fxgl.achievement.AchievementService, class com.almasb.fxgl.cutscene.CutsceneService, class com.almasb.fxgl.minigames.MiniGameService, class com.almasb.fxgl.net.NetService, class com.almasb.fxgl.app.services.UpdaterService, class com.almasb.fxgl.dev.DevService]
22:05:12.819 [FXGL Background Thread 3 ] DEBUG Engine               - fontGame: Abel-Regular.ttf
22:05:12.819 [FXGL Background Thread 3 ] DEBUG Engine               - fontMono: TerminalLandMono-Regular.otf
22:05:12.819 [FXGL Background Thread 3 ] DEBUG Engine               - fontText: Courier-Prime.ttf
22:05:12.819 [FXGL Background Thread 3 ] DEBUG Engine               - fontUI: VarelaRound-Regular.ttf
22:05:12.819 [FXGL Background Thread 3 ] DEBUG Engine               - fullScreen: BooleanProperty [value: false]
22:05:12.819 [FXGL Background Thread 3 ] DEBUG Engine               - gameDifficulty: MEDIUM
22:05:12.819 [FXGL Background Thread 3 ] DEBUG Engine               - gameDifficultyProperty: ObjectProperty [value: MEDIUM]
22:05:12.819 [FXGL Background Thread 3 ] DEBUG Engine               - globalMusicVolume: 0.5
22:05:12.819 [FXGL Background Thread 3 ] DEBUG Engine               - globalMusicVolumeProperty: DoubleProperty [value: 0.5]
22:05:12.819 [FXGL Background Thread 3 ] DEBUG Engine               - globalSoundVolume: 0.5
22:05:12.819 [FXGL Background Thread 3 ] DEBUG Engine               - globalSoundVolumeProperty: DoubleProperty [value: 0.5]
22:05:12.819 [FXGL Background Thread 3 ] DEBUG Engine               - height: 600
22:05:12.819 [FXGL Background Thread 3 ] DEBUG Engine               - is3D: false
22:05:12.819 [FXGL Background Thread 3 ] DEBUG Engine               - isAndroid: false
22:05:12.820 [FXGL Background Thread 3 ] DEBUG Engine               - isBrowser: false
22:05:12.820 [FXGL Background Thread 3 ] DEBUG Engine               - isClickFeedbackEnabled: false
22:05:12.820 [FXGL Background Thread 3 ] DEBUG Engine               - isCloseConfirmation: false
22:05:12.820 [FXGL Background Thread 3 ] DEBUG Engine               - isDesktop: true
22:05:12.820 [FXGL Background Thread 3 ] DEBUG Engine               - isDeveloperMenuEnabled: false
22:05:12.820 [FXGL Background Thread 3 ] DEBUG Engine               - isEmbedded: false
22:05:12.820 [FXGL Background Thread 3 ] DEBUG Engine               - isEntityPreloadEnabled: true
22:05:12.820 [FXGL Background Thread 3 ] DEBUG Engine               - isExperimentalTiledLargeMap: false
22:05:12.820 [FXGL Background Thread 3 ] DEBUG Engine               - isFileSystemWriteAllowed: true
22:05:12.820 [FXGL Background Thread 3 ] DEBUG Engine               - isFullScreenAllowed: false
22:05:12.820 [FXGL Background Thread 3 ] DEBUG Engine               - isFullScreenFromStart: false
22:05:12.820 [FXGL Background Thread 3 ] DEBUG Engine               - isGameMenuEnabled: true
22:05:12.820 [FXGL Background Thread 3 ] DEBUG Engine               - isIOS: false
22:05:12.820 [FXGL Background Thread 3 ] DEBUG Engine               - isIntroEnabled: false
22:05:12.820 [FXGL Background Thread 3 ] DEBUG Engine               - isLinux: false
22:05:12.820 [FXGL Background Thread 3 ] DEBUG Engine               - isMac: false
22:05:12.820 [FXGL Background Thread 3 ] DEBUG Engine               - isMainMenuEnabled: false
22:05:12.821 [FXGL Background Thread 3 ] DEBUG Engine               - isManualResizeEnabled: false
22:05:12.821 [FXGL Background Thread 3 ] DEBUG Engine               - isMobile: false
22:05:12.821 [FXGL Background Thread 3 ] DEBUG Engine               - isNative: false
22:05:12.821 [FXGL Background Thread 3 ] DEBUG Engine               - isPauseMusicWhenMinimized: true
22:05:12.821 [FXGL Background Thread 3 ] DEBUG Engine               - isPreserveResizeRatio: false
22:05:12.821 [FXGL Background Thread 3 ] DEBUG Engine               - isProfilingEnabled: false
22:05:12.821 [FXGL Background Thread 3 ] DEBUG Engine               - isScaleAffectedOnResize: true
22:05:12.821 [FXGL Background Thread 3 ] DEBUG Engine               - isSingleStep: false
22:05:12.821 [FXGL Background Thread 3 ] DEBUG Engine               - isUserProfileEnabled: false
22:05:12.821 [FXGL Background Thread 3 ] DEBUG Engine               - isWindows: true
22:05:12.821 [FXGL Background Thread 3 ] DEBUG Engine               - language: ObjectProperty [value: ENGLISH]
22:05:12.821 [FXGL Background Thread 3 ] DEBUG Engine               - menuKey: ESCAPE
22:05:12.821 [FXGL Background Thread 3 ] DEBUG Engine               - mouseSensitivity: 0.2
22:05:12.821 [FXGL Background Thread 3 ] DEBUG Engine               - notificationViewClass: class com.almasb.fxgl.notification.view.XboxNotificationView
22:05:12.821 [FXGL Background Thread 3 ] DEBUG Engine               - pixelsPerMeter: 50.0
22:05:12.821 [FXGL Background Thread 3 ] DEBUG Engine               - platform: WINDOWS
22:05:12.821 [FXGL Background Thread 3 ] DEBUG Engine               - prefHeightProperty: ReadOnlyDoubleProperty [value: 600.0]
22:05:12.821 [FXGL Background Thread 3 ] DEBUG Engine               - prefWidthProperty: ReadOnlyDoubleProperty [value: 600.0]
22:05:12.821 [FXGL Background Thread 3 ] DEBUG Engine               - profileDir: profiles/
22:05:12.821 [FXGL Background Thread 3 ] DEBUG Engine               - profileName: StringProperty [value: DEFAULT]
22:05:12.822 [FXGL Background Thread 3 ] DEBUG Engine               - randomSeed: -1
22:05:12.822 [FXGL Background Thread 3 ] DEBUG Engine               - runtimeInfo: RuntimeInfo(platform=WINDOWS, version=17.2, build=20.08.2022 16.50)
22:05:12.822 [FXGL Background Thread 3 ] DEBUG Engine               - saveFileExt: sav
22:05:12.822 [FXGL Background Thread 3 ] DEBUG Engine               - scaledHeightProp$fxgl: DoubleProperty [bound, value: 600.0]
22:05:12.822 [FXGL Background Thread 3 ] DEBUG Engine               - scaledWidthProp$fxgl: DoubleProperty [bound, value: 600.0]
22:05:12.822 [FXGL Background Thread 3 ] DEBUG Engine               - sceneFactory: com.almasb.fxgl.app.scene.SceneFactory@19b36bf6
22:05:12.822 [FXGL Background Thread 3 ] DEBUG Engine               - secondsIn24h: 60
22:05:12.822 [FXGL Background Thread 3 ] DEBUG Engine               - soundMenuBack: menu/back.wav
22:05:12.823 [FXGL Background Thread 3 ] DEBUG Engine               - soundMenuPress: menu/press.wav
22:05:12.823 [FXGL Background Thread 3 ] DEBUG Engine               - soundMenuSelect: menu/select.wav
22:05:12.823 [FXGL Background Thread 3 ] DEBUG Engine               - soundNotification: core/notification.wav
22:05:12.823 [FXGL Background Thread 3 ] DEBUG Engine               - stageStyle: DECORATED
22:05:12.823 [FXGL Background Thread 3 ] DEBUG Engine               - supportedLanguages: [ENGLISH, FRENCH, GERMAN, HUNGARIAN, RUSSIAN]
22:05:12.823 [FXGL Background Thread 3 ] DEBUG Engine               - ticksPerSecond: -1
22:05:12.823 [FXGL Background Thread 3 ] DEBUG Engine               - title: Basic Game App
22:05:12.823 [FXGL Background Thread 3 ] DEBUG Engine               - urlGithub: https://github.com/AlmasB/FXGL
22:05:12.823 [FXGL Background Thread 3 ] DEBUG Engine               - urlLeaderboard: http://fxgl-top.herokuapp.com/
22:05:12.823 [FXGL Background Thread 3 ] DEBUG Engine               - urlPOM: https://raw.githubusercontent.com/AlmasB/FXGL/release/README.md
22:05:12.823 [FXGL Background Thread 3 ] DEBUG Engine               - userAppClass: class com.gameapp.trialproject.GameApp
22:05:12.823 [FXGL Background Thread 3 ] DEBUG Engine               - version: 1.0
22:05:12.823 [FXGL Background Thread 3 ] DEBUG Engine               - versionCheckDays: 7
22:05:12.823 [FXGL Background Thread 3 ] DEBUG Engine               - width: 600
22:05:12.823 [FXGL Background Thread 3 ] DEBUG Engine               - Logging services
22:05:12.823 [FXGL Background Thread 3 ] DEBUG Engine               - class com.almasb.fxgl.app.services.FXGLAssetLoaderService
22:05:12.823 [FXGL Background Thread 3 ] DEBUG Engine               - class com.almasb.fxgl.app.FXGLApplication$GameApplicationService
22:05:12.823 [FXGL Background Thread 3 ] DEBUG Engine               - class com.almasb.fxgl.app.services.FXGLDialogService
22:05:12.823 [FXGL Background Thread 3 ] DEBUG Engine               - class com.almasb.fxgl.app.services.IOTaskExecutorService
22:05:12.823 [FXGL Background Thread 3 ] DEBUG Engine               - class com.almasb.fxgl.io.FileSystemService
22:05:12.823 [FXGL Background Thread 3 ] DEBUG Engine               - class com.almasb.fxgl.localization.LocalizationService
22:05:12.823 [FXGL Background Thread 3 ] DEBUG Engine               - class com.almasb.fxgl.app.services.SystemBundleService
22:05:12.823 [FXGL Background Thread 3 ] DEBUG Engine               - class com.almasb.fxgl.profile.SaveLoadService
22:05:12.823 [FXGL Background Thread 3 ] DEBUG Engine               - class com.almasb.fxgl.ui.FXGLUIFactoryServiceProvider
22:05:12.823 [FXGL Background Thread 3 ] DEBUG Engine               - class com.almasb.fxgl.ui.FXGLDialogFactoryServiceProvider
22:05:12.825 [FXGL Background Thread 3 ] DEBUG Engine               - class com.almasb.fxgl.audio.AudioPlayer
22:05:12.825 [FXGL Background Thread 3 ] DEBUG Engine               - class com.almasb.fxgl.notification.impl.NotificationServiceProvider
22:05:12.825 [FXGL Background Thread 3 ] DEBUG Engine               - class com.almasb.fxgl.achievement.AchievementService
22:05:12.825 [FXGL Background Thread 3 ] DEBUG Engine               - class com.almasb.fxgl.cutscene.CutsceneService
22:05:12.825 [FXGL Background Thread 3 ] DEBUG Engine               - class com.almasb.fxgl.minigames.MiniGameService
22:05:12.825 [FXGL Background Thread 3 ] DEBUG Engine               - class com.almasb.fxgl.net.NetService
22:05:12.825 [FXGL Background Thread 3 ] DEBUG Engine               - class com.almasb.fxgl.app.services.UpdaterService
22:05:12.825 [FXGL Background Thread 3 ] DEBUG Engine               - class com.almasb.fxgl.dev.DevService
22:05:22.388 [JavaFX Application Thread] DEBUG FXGLApplication      - Exiting FXGL
22:05:22.388 [JavaFX Application Thread] DEBUG LoopRunner           - Stopping loop
22:05:22.388 [JavaFX Application Thread] DEBUG SystemBundleService  - Saving FXGL system data
22:05:22.393 [JavaFX Application Thread] DEBUG FileSystemAccess     - Writing to: C:\Users\Carson\Desktop\Monash\Y2S2 (Current)\FIT3077\Assignment\project\TrialProject\system\fxgl.bundle
22:05:22.395 [JavaFX Application Thread] DEBUG Async                - Shutting down background threads
22:05:22.395 [JavaFX Application Thread] DEBUG PrimaryStageWindow   - Closing main window
22:05:22.409 [JavaFX Application Thread] DEBUG Logger               - Closing Logger
