22:02:47.576 [main                     ] DEBUG Logger               - Configured Logger
22:02:47.608 [main                     ] DEBUG GameApplication      - Logging settings
Title: Basic Game App
Version: 1.0
Width: 600
Height: 600
Fullscreen: false
Intro: false
Profiling: false
Single step:false
App Mode: DEVELOPER
Menu Key: ESCAPE
Stage Style: DECORATED
Scene Factory: class com.almasb.fxgl.app.scene.SceneFactory

22:02:48.028 [JavaFX Application Thread] DEBUG FXGLApplication      - Initializing FXGL
22:02:48.036 [JavaFX Application Thread] INFO  Engine               - FXGL-17.2 (20.08.2022 16.50) on WINDOWS (J:18.0.2 FX:17.0.2-ea)
22:02:48.038 [JavaFX Application Thread] DEBUG Engine               - JRE Vendor Name: Oracle Corporation
22:02:48.038 [JavaFX Application Thread] DEBUG Engine               - Running on OS: Windows 11 version 10.0
22:02:48.038 [JavaFX Application Thread] DEBUG Engine               - Architecture: amd64
22:02:48.038 [JavaFX Application Thread] INFO  Engine               - Source code and latest versions at: https://github.com/AlmasB/FXGL
22:02:48.039 [JavaFX Application Thread] INFO  Engine               -       Ask questions and discuss at: https://github.com/AlmasB/FXGL/discussions
22:02:48.039 [JavaFX Application Thread] INFO  Engine               -              Join the FXGL chat at: https://gitter.im/AlmasB/FXGL
22:02:48.152 [JavaFX Application Thread] DEBUG PrimaryStageWindow   - Creating a JavaFX scene
22:02:48.203 [JavaFX Application Thread] DEBUG PrimaryStageWindow   - Target settings size: 600.0 x 600.0
22:02:48.204 [JavaFX Application Thread] DEBUG PrimaryStageWindow   - Scaled scene size:    600.0 x 600.0
22:02:48.204 [JavaFX Application Thread] DEBUG PrimaryStageWindow   - Scaled ratio: (1.0, 1.0)
22:02:48.205 [JavaFX Application Thread] DEBUG PrimaryStageWindow   - Set initial scene to FXGLStartupScene
22:02:48.212 [JavaFX Application Thread] DEBUG PrimaryStageWindow   - Opening main window
22:02:48.323 [JavaFX Application Thread] DEBUG PrimaryStageWindow   - Window border size: (14.66668701171875, 37.33331298828125)
22:02:48.324 [JavaFX Application Thread] DEBUG PrimaryStageWindow   - Scaled size: 600.0 x 600.0
22:02:48.325 [JavaFX Application Thread] DEBUG PrimaryStageWindow   - Scaled ratio: (1.0, 1.0)
22:02:48.325 [JavaFX Application Thread] DEBUG PrimaryStageWindow   - Scene size: 600.0 x 600.0
22:02:48.326 [JavaFX Application Thread] DEBUG PrimaryStageWindow   - Stage size: 614.6666870117188 x 637.3333129882812
22:02:48.338 [FXGL Background Thread 1 ] DEBUG Engine               - Initializing environment variables
22:02:48.441 [FXGL Background Thread 1 ] DEBUG FXGLAssetLoaderServi - User app class for loading assets: class com.gameapp.trialproject.GameApp
22:02:48.442 [FXGL Background Thread 1 ] DEBUG GameApplicationServi - Applying CSS: fxgl_dark.css
22:02:48.445 [FXGL Background Thread 1 ] DEBUG FXGLAssetLoaderServi - Loading from file system: jar:file:///C:/Users/Carson/.m2/repository/com/github/almasb/fxgl/17.2/fxgl-17.2.jar!/fxglassets/ui/css/fxgl_dark.css
22:02:48.538 [FXGL Background Thread 1 ] DEBUG GameApplicationServi - Initializing application scenes
22:02:48.631 [FXGL Background Thread 1 ] DEBUG GameWorld            - Game world initialized
22:02:48.718 [FXGL Background Thread 1 ] DEBUG PhysicsWorld         - Physics world initialized: appHeight=600, physics.ppm=50.0
22:02:48.718 [FXGL Background Thread 1 ] DEBUG PhysicsWorld         - Using strategy: BRUTE_FORCE
22:02:48.727 [FXGL Background Thread 1 ] DEBUG GameScene            - Game scene initialized: 600x600
22:02:48.749 [FXGL Background Thread 1 ] WARN  FXGL.DefaultMenu     - FXGLDefaultMenu is not designed for resolutions < 800x600
22:02:48.750 [FXGL Background Thread 1 ] DEBUG FXGL.DefaultMenu     - createMenuBodyGameMenu()
22:02:48.771 [FXGL Background Thread 1 ] DEBUG FXGL.DefaultMenu     - createOptionsMenu()
22:02:48.785 [FXGL Background Thread 1 ] DEBUG FXGLAssetLoaderServi - Loading from file system: jar:file:///C:/Users/Carson/.m2/repository/com/github/almasb/fxgl/17.2/fxgl-17.2.jar!/fxglassets/textures/particles/smoke.png
22:02:48.889 [FXGL Background Thread 1 ] DEBUG FXGLAssetLoaderServi - Loading from file system: jar:file:///C:/Users/Carson/.m2/repository/com/github/almasb/fxgl/17.2/fxgl-17.2.jar!/fxglassets/textures/particles/trace_horizontal.png
22:02:48.935 [FXGL Background Thread 1 ] DEBUG GameApplicationServi - Application scenes initialized
22:02:48.967 [FXGL Background Thread 1 ] DEBUG SystemBundleService  - Loading FXGL system data
22:02:48.981 [FXGL Background Thread 1 ] DEBUG FileSystemAccess     - Reading from: C:\Users\Carson\Desktop\Monash\Y2S2 (Current)\FIT3077\Assignment\project\TrialProject\system\fxgl.bundle
22:02:49.003 [FXGL Background Thread 1 ] DEBUG SystemBundleService  - Bundle FXGL: {}
22:02:49.003 [FXGL Background Thread 1 ] DEBUG UpdaterService       - Checking for updates
22:02:49.014 [FXGL Background Thread 4 ] DEBUG FXGLApplication      - Loading fonts
22:02:49.015 [FXGL Background Thread 1 ] DEBUG FXGLApplication      - Loading default localization
22:02:49.015 [FXGL Background Thread 4 ] DEBUG FXGLAssetLoaderServi - Loading from file system: jar:file:///C:/Users/Carson/.m2/repository/com/github/almasb/fxgl/17.2/fxgl-17.2.jar!/fxglassets/ui/fonts/VarelaRound-Regular.ttf
22:02:49.016 [FXGL Background Thread 1 ] DEBUG FXGLAssetLoaderServi - Loading from file system: jar:file:///C:/Users/Carson/.m2/repository/com/github/almasb/fxgl/17.2/fxgl-17.2.jar!/fxglassets/languages/english.lang
22:02:49.043 [FXGL Background Thread 1 ] INFO  FXGLApplication      - FXGL initialization took: 0.704 sec
22:02:49.060 [JavaFX Application Thread] DEBUG Input                - Registered new binding: action0 - D
22:02:49.061 [JavaFX Application Thread] DEBUG Input                - Registered new binding: action1 - A
22:02:49.062 [JavaFX Application Thread] DEBUG Input                - Registered new binding: action2 - W
22:02:49.063 [JavaFX Application Thread] DEBUG Input                - Registered new binding: action3 - S
22:02:49.064 [JavaFX Application Thread] DEBUG FXGLAssetLoaderServi - Loading from file system: jar:file:///C:/Users/Carson/.m2/repository/com/github/almasb/fxgl/17.2/fxgl-17.2.jar!/fxglassets/textures/fxgl_icon.png
22:02:49.103 [JavaFX Application Thread] DEBUG FXGLAssetLoaderServi - Loading from file system: jar:file:///C:/Users/Carson/.m2/repository/com/github/almasb/fxgl/17.2/fxgl-17.2.jar!/fxglassets/textures/fxgl_default_cursor.png
22:02:49.107 [JavaFX Application Thread] DEBUG Input                - Registered new binding: Screenshot - CTRL+8
22:02:49.108 [JavaFX Application Thread] DEBUG Input                - Registered new binding: System info dump - CTRL+9
22:02:49.109 [JavaFX Application Thread] DEBUG Input                - Registered new binding: Restart - CTRL+R
22:02:49.112 [JavaFX Application Thread] DEBUG Input                - Registered new binding: Toggle Debug Camera - CTRL+7
22:02:49.116 [JavaFX Application Thread] DEBUG LoopRunner           - Starting loop
22:02:49.117 [JavaFX Application Thread] DEBUG LoopRunner           - Initializing JavaFX AnimationTimerLoop
22:02:49.118 [JavaFX Application Thread] DEBUG GameApplicationServi - Starting new game
22:02:49.119 [JavaFX Application Thread] DEBUG Input                - Clearing active input actions
22:02:49.138 [JavaFX Application Thread] DEBUG GameApplicationServi - Removing overlay from FXGLStartupScene and adding to FXGLLoadingScene
22:02:49.139 [JavaFX Application Thread] DEBUG PrimaryStageWindow   - FXGLStartupScene -> FXGLLoadingScene
22:02:49.139 [JavaFX Application Thread] DEBUG GameApplicationServi - Clearing previous game
22:02:49.139 [JavaFX Application Thread] DEBUG GameScene            - Clearing game scene
22:02:49.140 [JavaFX Application Thread] DEBUG GameWorld            - Clearing game world
22:02:49.140 [JavaFX Application Thread] DEBUG PhysicsWorld         - Clearing physics world
22:02:49.144 [FXGL Background Thread 1 ] DEBUG FXGLApplication      - Initializing game
22:02:49.168 [FXGL Background Thread 4 ] DEBUG FXGLAssetLoaderServi - Loading from file system: jar:file:///C:/Users/Carson/.m2/repository/com/github/almasb/fxgl/17.2/fxgl-17.2.jar!/fxglassets/ui/fonts/Abel-Regular.ttf
22:02:49.185 [FXGL Background Thread 1 ] DEBUG FXGLAssetLoaderServi - Loading from file system: file:/C:/Users/Carson/Desktop/Monash/Y2S2%20(Current)/FIT3077/Assignment/project/TrialProject/trialproject/target/classes/assets/textures/background.png
22:02:49.188 [FXGL Background Thread 4 ] DEBUG FXGLAssetLoaderServi - Loading from file system: jar:file:///C:/Users/Carson/.m2/repository/com/github/almasb/fxgl/17.2/fxgl-17.2.jar!/fxglassets/ui/fonts/TerminalLandMono-Regular.otf
22:02:49.214 [FXGL Background Thread 4 ] DEBUG FXGLAssetLoaderServi - Loading from file system: jar:file:///C:/Users/Carson/.m2/repository/com/github/almasb/fxgl/17.2/fxgl-17.2.jar!/fxglassets/ui/fonts/Courier-Prime.ttf
22:02:49.226 [FXGL Background Thread 1 ] INFO  FXGLApplication      - Game initialization took: 0.082 sec
22:02:49.351 [JavaFX Application Thread] DEBUG Input                - Clearing active input actions
22:02:49.361 [JavaFX Application Thread] DEBUG GameApplicationServi - Removing overlay from FXGLLoadingScene and adding to GameScene
22:02:49.362 [JavaFX Application Thread] DEBUG PrimaryStageWindow   - FXGLLoadingScene -> GameScene
22:02:49.362 [JavaFX Application Thread] DEBUG FXGLApplication      - Registering font factories with UI factory
22:02:49.850 [FXGL Background Thread 2 ] INFO  UpdaterService       - Your current version:  17.2
22:02:49.850 [FXGL Background Thread 2 ] INFO  UpdaterService       - Latest stable version: 17.3
22:02:52.012 [FXGL Background Thread 3 ] DEBUG Engine               - Logging environment variables
22:02:52.012 [FXGL Background Thread 3 ] DEBUG Engine               - achievements: []
22:02:52.013 [FXGL Background Thread 3 ] DEBUG Engine               - actualHeight: 600.0
22:02:52.013 [FXGL Background Thread 3 ] DEBUG Engine               - actualHeightProperty: ReadOnlyDoubleProperty [value: 600.0]
22:02:52.013 [FXGL Background Thread 3 ] DEBUG Engine               - actualWidth: 600.0
22:02:52.013 [FXGL Background Thread 3 ] DEBUG Engine               - actualWidthProperty: ReadOnlyDoubleProperty [value: 600.0]
22:02:52.013 [FXGL Background Thread 3 ] DEBUG Engine               - appIcon: fxgl_icon.png
22:02:52.013 [FXGL Background Thread 3 ] DEBUG Engine               - applicationMode: DEVELOPER
22:02:52.015 [FXGL Background Thread 3 ] DEBUG Engine               - cSSList: [fxgl_dark.css]
22:02:52.015 [FXGL Background Thread 3 ] DEBUG Engine               - collisionDetectionStrategy: BRUTE_FORCE
22:02:52.015 [FXGL Background Thread 3 ] DEBUG Engine               - configClass: Optional.empty
22:02:52.015 [FXGL Background Thread 3 ] DEBUG Engine               - credits: []
22:02:52.015 [FXGL Background Thread 3 ] DEBUG Engine               - defaultCursor: CursorInfo(imageName=fxgl_default_cursor.png, hotspotX=7.0, hotspotY=6.0)
22:02:52.016 [FXGL Background Thread 3 ] DEBUG Engine               - devBBoxColorProperty: ObjectProperty [value: 0xff0000ff]
22:02:52.016 [FXGL Background Thread 3 ] DEBUG Engine               - devEnableDebugCameraProperty: BooleanProperty [value: false]
22:02:52.016 [FXGL Background Thread 3 ] DEBUG Engine               - devSensorColorProperty: ObjectProperty [value: 0xffff00ff]
22:02:52.016 [FXGL Background Thread 3 ] DEBUG Engine               - devShowBBoxProperty: BooleanProperty [value: false]
22:02:52.016 [FXGL Background Thread 3 ] DEBUG Engine               - devShowPositionProperty: BooleanProperty [value: false]
22:02:52.016 [FXGL Background Thread 3 ] DEBUG Engine               - enabledMenuItems: []
22:02:52.016 [FXGL Background Thread 3 ] DEBUG Engine               - engineServices: [class com.almasb.fxgl.app.services.FXGLAssetLoaderService, class com.almasb.fxgl.app.FXGLApplication$GameApplicationService, class com.almasb.fxgl.app.services.FXGLDialogService, class com.almasb.fxgl.app.services.IOTaskExecutorService, class com.almasb.fxgl.io.FileSystemService, class com.almasb.fxgl.localization.LocalizationService, class com.almasb.fxgl.app.services.SystemBundleService, class com.almasb.fxgl.profile.SaveLoadService, class com.almasb.fxgl.ui.FXGLUIFactoryServiceProvider, class com.almasb.fxgl.ui.FXGLDialogFactoryServiceProvider, class com.almasb.fxgl.audio.AudioPlayer, class com.almasb.fxgl.notification.impl.NotificationServiceProvider, class com.almasb.fxgl.achievement.AchievementService, class com.almasb.fxgl.cutscene.CutsceneService, class com.almasb.fxgl.minigames.MiniGameService, class com.almasb.fxgl.net.NetService, class com.almasb.fxgl.app.services.UpdaterService, class com.almasb.fxgl.dev.DevService]
22:02:52.017 [FXGL Background Thread 3 ] DEBUG Engine               - fontGame: Abel-Regular.ttf
22:02:52.017 [FXGL Background Thread 3 ] DEBUG Engine               - fontMono: TerminalLandMono-Regular.otf
22:02:52.017 [FXGL Background Thread 3 ] DEBUG Engine               - fontText: Courier-Prime.ttf
22:02:52.017 [FXGL Background Thread 3 ] DEBUG Engine               - fontUI: VarelaRound-Regular.ttf
22:02:52.017 [FXGL Background Thread 3 ] DEBUG Engine               - fullScreen: BooleanProperty [value: false]
22:02:52.017 [FXGL Background Thread 3 ] DEBUG Engine               - gameDifficulty: MEDIUM
22:02:52.017 [FXGL Background Thread 3 ] DEBUG Engine               - gameDifficultyProperty: ObjectProperty [value: MEDIUM]
22:02:52.017 [FXGL Background Thread 3 ] DEBUG Engine               - globalMusicVolume: 0.5
22:02:52.017 [FXGL Background Thread 3 ] DEBUG Engine               - globalMusicVolumeProperty: DoubleProperty [value: 0.5]
22:02:52.017 [FXGL Background Thread 3 ] DEBUG Engine               - globalSoundVolume: 0.5
22:02:52.017 [FXGL Background Thread 3 ] DEBUG Engine               - globalSoundVolumeProperty: DoubleProperty [value: 0.5]
22:02:52.018 [FXGL Background Thread 3 ] DEBUG Engine               - height: 600
22:02:52.018 [FXGL Background Thread 3 ] DEBUG Engine               - is3D: false
22:02:52.018 [FXGL Background Thread 3 ] DEBUG Engine               - isAndroid: false
22:02:52.018 [FXGL Background Thread 3 ] DEBUG Engine               - isBrowser: false
22:02:52.018 [FXGL Background Thread 3 ] DEBUG Engine               - isClickFeedbackEnabled: false
22:02:52.018 [FXGL Background Thread 3 ] DEBUG Engine               - isCloseConfirmation: false
22:02:52.018 [FXGL Background Thread 3 ] DEBUG Engine               - isDesktop: true
22:02:52.018 [FXGL Background Thread 3 ] DEBUG Engine               - isDeveloperMenuEnabled: false
22:02:52.018 [FXGL Background Thread 3 ] DEBUG Engine               - isEmbedded: false
22:02:52.018 [FXGL Background Thread 3 ] DEBUG Engine               - isEntityPreloadEnabled: true
22:02:52.019 [FXGL Background Thread 3 ] DEBUG Engine               - isExperimentalTiledLargeMap: false
22:02:52.019 [FXGL Background Thread 3 ] DEBUG Engine               - isFileSystemWriteAllowed: true
22:02:52.019 [FXGL Background Thread 3 ] DEBUG Engine               - isFullScreenAllowed: false
22:02:52.019 [FXGL Background Thread 3 ] DEBUG Engine               - isFullScreenFromStart: false
22:02:52.019 [FXGL Background Thread 3 ] DEBUG Engine               - isGameMenuEnabled: true
22:02:52.019 [FXGL Background Thread 3 ] DEBUG Engine               - isIOS: false
22:02:52.019 [FXGL Background Thread 3 ] DEBUG Engine               - isIntroEnabled: false
22:02:52.019 [FXGL Background Thread 3 ] DEBUG Engine               - isLinux: false
22:02:52.019 [FXGL Background Thread 3 ] DEBUG Engine               - isMac: false
22:02:52.019 [FXGL Background Thread 3 ] DEBUG Engine               - isMainMenuEnabled: false
22:02:52.020 [FXGL Background Thread 3 ] DEBUG Engine               - isManualResizeEnabled: false
22:02:52.020 [FXGL Background Thread 3 ] DEBUG Engine               - isMobile: false
22:02:52.020 [FXGL Background Thread 3 ] DEBUG Engine               - isNative: false
22:02:52.020 [FXGL Background Thread 3 ] DEBUG Engine               - isPauseMusicWhenMinimized: true
22:02:52.020 [FXGL Background Thread 3 ] DEBUG Engine               - isPreserveResizeRatio: false
22:02:52.020 [FXGL Background Thread 3 ] DEBUG Engine               - isProfilingEnabled: false
22:02:52.020 [FXGL Background Thread 3 ] DEBUG Engine               - isScaleAffectedOnResize: true
22:02:52.020 [FXGL Background Thread 3 ] DEBUG Engine               - isSingleStep: false
22:02:52.020 [FXGL Background Thread 3 ] DEBUG Engine               - isUserProfileEnabled: false
22:02:52.020 [FXGL Background Thread 3 ] DEBUG Engine               - isWindows: true
22:02:52.020 [FXGL Background Thread 3 ] DEBUG Engine               - language: ObjectProperty [value: ENGLISH]
22:02:52.020 [FXGL Background Thread 3 ] DEBUG Engine               - menuKey: ESCAPE
22:02:52.020 [FXGL Background Thread 3 ] DEBUG Engine               - mouseSensitivity: 0.2
22:02:52.020 [FXGL Background Thread 3 ] DEBUG Engine               - notificationViewClass: class com.almasb.fxgl.notification.view.XboxNotificationView
22:02:52.020 [FXGL Background Thread 3 ] DEBUG Engine               - pixelsPerMeter: 50.0
22:02:52.021 [FXGL Background Thread 3 ] DEBUG Engine               - platform: WINDOWS
22:02:52.021 [FXGL Background Thread 3 ] DEBUG Engine               - prefHeightProperty: ReadOnlyDoubleProperty [value: 600.0]
22:02:52.021 [FXGL Background Thread 3 ] DEBUG Engine               - prefWidthProperty: ReadOnlyDoubleProperty [value: 600.0]
22:02:52.021 [FXGL Background Thread 3 ] DEBUG Engine               - profileDir: profiles/
22:02:52.021 [FXGL Background Thread 3 ] DEBUG Engine               - profileName: StringProperty [value: DEFAULT]
22:02:52.021 [FXGL Background Thread 3 ] DEBUG Engine               - randomSeed: -1
22:02:52.022 [FXGL Background Thread 3 ] DEBUG Engine               - runtimeInfo: RuntimeInfo(platform=WINDOWS, version=17.2, build=20.08.2022 16.50)
22:02:52.022 [FXGL Background Thread 3 ] DEBUG Engine               - saveFileExt: sav
22:02:52.022 [FXGL Background Thread 3 ] DEBUG Engine               - scaledHeightProp$fxgl: DoubleProperty [bound, value: 600.0]
22:02:52.022 [FXGL Background Thread 3 ] DEBUG Engine               - scaledWidthProp$fxgl: DoubleProperty [bound, value: 600.0]
22:02:52.022 [FXGL Background Thread 3 ] DEBUG Engine               - sceneFactory: com.almasb.fxgl.app.scene.SceneFactory@5cc31fa2
22:02:52.022 [FXGL Background Thread 3 ] DEBUG Engine               - secondsIn24h: 60
22:02:52.022 [FXGL Background Thread 3 ] DEBUG Engine               - soundMenuBack: menu/back.wav
22:02:52.022 [FXGL Background Thread 3 ] DEBUG Engine               - soundMenuPress: menu/press.wav
22:02:52.022 [FXGL Background Thread 3 ] DEBUG Engine               - soundMenuSelect: menu/select.wav
22:02:52.022 [FXGL Background Thread 3 ] DEBUG Engine               - soundNotification: core/notification.wav
22:02:52.022 [FXGL Background Thread 3 ] DEBUG Engine               - stageStyle: DECORATED
22:02:52.022 [FXGL Background Thread 3 ] DEBUG Engine               - supportedLanguages: [ENGLISH, FRENCH, GERMAN, HUNGARIAN, RUSSIAN]
22:02:52.022 [FXGL Background Thread 3 ] DEBUG Engine               - ticksPerSecond: -1
22:02:52.023 [FXGL Background Thread 3 ] DEBUG Engine               - title: Basic Game App
22:02:52.023 [FXGL Background Thread 3 ] DEBUG Engine               - urlGithub: https://github.com/AlmasB/FXGL
22:02:52.023 [FXGL Background Thread 3 ] DEBUG Engine               - urlLeaderboard: http://fxgl-top.herokuapp.com/
22:02:52.023 [FXGL Background Thread 3 ] DEBUG Engine               - urlPOM: https://raw.githubusercontent.com/AlmasB/FXGL/release/README.md
22:02:52.023 [FXGL Background Thread 3 ] DEBUG Engine               - userAppClass: class com.gameapp.trialproject.GameApp
22:02:52.023 [FXGL Background Thread 3 ] DEBUG Engine               - version: 1.0
22:02:52.023 [FXGL Background Thread 3 ] DEBUG Engine               - versionCheckDays: 7
22:02:52.023 [FXGL Background Thread 3 ] DEBUG Engine               - width: 600
22:02:52.023 [FXGL Background Thread 3 ] DEBUG Engine               - Logging services
22:02:52.023 [FXGL Background Thread 3 ] DEBUG Engine               - class com.almasb.fxgl.app.services.FXGLAssetLoaderService
22:02:52.023 [FXGL Background Thread 3 ] DEBUG Engine               - class com.almasb.fxgl.app.FXGLApplication$GameApplicationService
22:02:52.023 [FXGL Background Thread 3 ] DEBUG Engine               - class com.almasb.fxgl.app.services.FXGLDialogService
22:02:52.023 [FXGL Background Thread 3 ] DEBUG Engine               - class com.almasb.fxgl.app.services.IOTaskExecutorService
22:02:52.023 [FXGL Background Thread 3 ] DEBUG Engine               - class com.almasb.fxgl.io.FileSystemService
22:02:52.023 [FXGL Background Thread 3 ] DEBUG Engine               - class com.almasb.fxgl.localization.LocalizationService
22:02:52.023 [FXGL Background Thread 3 ] DEBUG Engine               - class com.almasb.fxgl.app.services.SystemBundleService
22:02:52.023 [FXGL Background Thread 3 ] DEBUG Engine               - class com.almasb.fxgl.profile.SaveLoadService
22:02:52.023 [FXGL Background Thread 3 ] DEBUG Engine               - class com.almasb.fxgl.ui.FXGLUIFactoryServiceProvider
22:02:52.023 [FXGL Background Thread 3 ] DEBUG Engine               - class com.almasb.fxgl.ui.FXGLDialogFactoryServiceProvider
22:02:52.023 [FXGL Background Thread 3 ] DEBUG Engine               - class com.almasb.fxgl.audio.AudioPlayer
22:02:52.023 [FXGL Background Thread 3 ] DEBUG Engine               - class com.almasb.fxgl.notification.impl.NotificationServiceProvider
22:02:52.023 [FXGL Background Thread 3 ] DEBUG Engine               - class com.almasb.fxgl.achievement.AchievementService
22:02:52.024 [FXGL Background Thread 3 ] DEBUG Engine               - class com.almasb.fxgl.cutscene.CutsceneService
22:02:52.024 [FXGL Background Thread 3 ] DEBUG Engine               - class com.almasb.fxgl.minigames.MiniGameService
22:02:52.024 [FXGL Background Thread 3 ] DEBUG Engine               - class com.almasb.fxgl.net.NetService
22:02:52.024 [FXGL Background Thread 3 ] DEBUG Engine               - class com.almasb.fxgl.app.services.UpdaterService
22:02:52.024 [FXGL Background Thread 3 ] DEBUG Engine               - class com.almasb.fxgl.dev.DevService
22:03:01.723 [JavaFX Application Thread] DEBUG FXGLApplication      - Exiting FXGL
22:03:01.723 [JavaFX Application Thread] DEBUG LoopRunner           - Stopping loop
22:03:01.723 [JavaFX Application Thread] DEBUG SystemBundleService  - Saving FXGL system data
22:03:01.729 [JavaFX Application Thread] DEBUG FileSystemAccess     - Writing to: C:\Users\Carson\Desktop\Monash\Y2S2 (Current)\FIT3077\Assignment\project\TrialProject\system\fxgl.bundle
22:03:01.732 [JavaFX Application Thread] DEBUG Async                - Shutting down background threads
22:03:01.733 [JavaFX Application Thread] DEBUG PrimaryStageWindow   - Closing main window
22:03:01.746 [JavaFX Application Thread] DEBUG Logger               - Closing Logger
