22:04:17.435 [main                     ] DEBUG Logger               - Configured Logger
22:04:17.473 [main                     ] DEBUG GameApplication      - Logging settings
Title: Basic Game App
Version: 1.0
Width: 600
Height: 600
Fullscreen: false
Intro: false
Profiling: false
Single step:false
App Mode: DEVELOPER
Menu Key: ESCAPE
Stage Style: DECORATED
Scene Factory: class com.almasb.fxgl.app.scene.SceneFactory

22:04:17.897 [JavaFX Application Thread] DEBUG FXGLApplication      - Initializing FXGL
22:04:17.904 [JavaFX Application Thread] INFO  Engine               - FXGL-17.2 (20.08.2022 16.50) on WINDOWS (J:18.0.2 FX:17.0.2-ea)
22:04:17.905 [JavaFX Application Thread] DEBUG Engine               - JRE Vendor Name: Oracle Corporation
22:04:17.905 [JavaFX Application Thread] DEBUG Engine               - Running on OS: Windows 11 version 10.0
22:04:17.905 [JavaFX Application Thread] DEBUG Engine               - Architecture: amd64
22:04:17.905 [JavaFX Application Thread] INFO  Engine               - Source code and latest versions at: https://github.com/AlmasB/FXGL
22:04:17.905 [JavaFX Application Thread] INFO  Engine               -       Ask questions and discuss at: https://github.com/AlmasB/FXGL/discussions
22:04:17.906 [JavaFX Application Thread] INFO  Engine               -              Join the FXGL chat at: https://gitter.im/AlmasB/FXGL
22:04:17.998 [JavaFX Application Thread] DEBUG PrimaryStageWindow   - Creating a JavaFX scene
22:04:18.047 [JavaFX Application Thread] DEBUG PrimaryStageWindow   - Target settings size: 600.0 x 600.0
22:04:18.048 [JavaFX Application Thread] DEBUG PrimaryStageWindow   - Scaled scene size:    600.0 x 600.0
22:04:18.049 [JavaFX Application Thread] DEBUG PrimaryStageWindow   - Scaled ratio: (1.0, 1.0)
22:04:18.050 [JavaFX Application Thread] DEBUG PrimaryStageWindow   - Set initial scene to FXGLStartupScene
22:04:18.059 [JavaFX Application Thread] DEBUG PrimaryStageWindow   - Opening main window
22:04:18.176 [JavaFX Application Thread] DEBUG PrimaryStageWindow   - Window border size: (14.66668701171875, 37.33331298828125)
22:04:18.177 [JavaFX Application Thread] DEBUG PrimaryStageWindow   - Scaled size: 600.0 x 600.0
22:04:18.178 [JavaFX Application Thread] DEBUG PrimaryStageWindow   - Scaled ratio: (1.0, 1.0)
22:04:18.178 [JavaFX Application Thread] DEBUG PrimaryStageWindow   - Scene size: 600.0 x 600.0
22:04:18.179 [JavaFX Application Thread] DEBUG PrimaryStageWindow   - Stage size: 614.6666870117188 x 637.3333129882812
22:04:18.204 [FXGL Background Thread 1 ] DEBUG Engine               - Initializing environment variables
22:04:18.333 [FXGL Background Thread 1 ] DEBUG FXGLAssetLoaderServi - User app class for loading assets: class com.gameapp.trialproject.GameApp
22:04:18.333 [FXGL Background Thread 1 ] DEBUG GameApplicationServi - Applying CSS: fxgl_dark.css
22:04:18.336 [FXGL Background Thread 1 ] DEBUG FXGLAssetLoaderServi - Loading from file system: jar:file:///C:/Users/Carson/.m2/repository/com/github/almasb/fxgl/17.2/fxgl-17.2.jar!/fxglassets/ui/css/fxgl_dark.css
22:04:18.418 [FXGL Background Thread 1 ] DEBUG GameApplicationServi - Initializing application scenes
22:04:18.523 [FXGL Background Thread 1 ] DEBUG GameWorld            - Game world initialized
22:04:18.631 [FXGL Background Thread 1 ] DEBUG PhysicsWorld         - Physics world initialized: appHeight=600, physics.ppm=50.0
22:04:18.632 [FXGL Background Thread 1 ] DEBUG PhysicsWorld         - Using strategy: BRUTE_FORCE
22:04:18.642 [FXGL Background Thread 1 ] DEBUG GameScene            - Game scene initialized: 600x600
22:04:18.670 [FXGL Background Thread 1 ] WARN  FXGL.DefaultMenu     - FXGLDefaultMenu is not designed for resolutions < 800x600
22:04:18.670 [FXGL Background Thread 1 ] DEBUG FXGL.DefaultMenu     - createMenuBodyGameMenu()
22:04:18.703 [FXGL Background Thread 1 ] DEBUG FXGL.DefaultMenu     - createOptionsMenu()
22:04:18.725 [FXGL Background Thread 1 ] DEBUG FXGLAssetLoaderServi - Loading from file system: jar:file:///C:/Users/Carson/.m2/repository/com/github/almasb/fxgl/17.2/fxgl-17.2.jar!/fxglassets/textures/particles/smoke.png
22:04:18.896 [FXGL Background Thread 1 ] DEBUG FXGLAssetLoaderServi - Loading from file system: jar:file:///C:/Users/Carson/.m2/repository/com/github/almasb/fxgl/17.2/fxgl-17.2.jar!/fxglassets/textures/particles/trace_horizontal.png
22:04:18.954 [FXGL Background Thread 1 ] DEBUG GameApplicationServi - Application scenes initialized
22:04:18.980 [FXGL Background Thread 1 ] DEBUG SystemBundleService  - Loading FXGL system data
22:04:18.992 [FXGL Background Thread 1 ] DEBUG FileSystemAccess     - Reading from: C:\Users\Carson\Desktop\Monash\Y2S2 (Current)\FIT3077\Assignment\project\TrialProject\system\fxgl.bundle
22:04:19.013 [FXGL Background Thread 1 ] DEBUG SystemBundleService  - Bundle FXGL: {}
22:04:19.015 [FXGL Background Thread 1 ] DEBUG UpdaterService       - Checking for updates
22:04:19.025 [FXGL Background Thread 1 ] DEBUG FXGLApplication      - Loading default localization
22:04:19.026 [FXGL Background Thread 1 ] DEBUG FXGLAssetLoaderServi - Loading from file system: jar:file:///C:/Users/Carson/.m2/repository/com/github/almasb/fxgl/17.2/fxgl-17.2.jar!/fxglassets/languages/english.lang
22:04:19.033 [FXGL Background Thread 4 ] DEBUG FXGLApplication      - Loading fonts
22:04:19.035 [FXGL Background Thread 4 ] DEBUG FXGLAssetLoaderServi - Loading from file system: jar:file:///C:/Users/Carson/.m2/repository/com/github/almasb/fxgl/17.2/fxgl-17.2.jar!/fxglassets/ui/fonts/VarelaRound-Regular.ttf
22:04:19.051 [FXGL Background Thread 1 ] INFO  FXGLApplication      - FXGL initialization took: 0.847 sec
22:04:19.066 [JavaFX Application Thread] DEBUG Input                - Registered new binding: action0 - D
22:04:19.067 [JavaFX Application Thread] DEBUG Input                - Registered new binding: action1 - A
22:04:19.067 [JavaFX Application Thread] DEBUG Input                - Registered new binding: action2 - W
22:04:19.068 [JavaFX Application Thread] DEBUG Input                - Registered new binding: action3 - S
22:04:19.069 [JavaFX Application Thread] DEBUG FXGLAssetLoaderServi - Loading from file system: jar:file:///C:/Users/Carson/.m2/repository/com/github/almasb/fxgl/17.2/fxgl-17.2.jar!/fxglassets/textures/fxgl_icon.png
22:04:19.106 [JavaFX Application Thread] DEBUG FXGLAssetLoaderServi - Loading from file system: jar:file:///C:/Users/Carson/.m2/repository/com/github/almasb/fxgl/17.2/fxgl-17.2.jar!/fxglassets/textures/fxgl_default_cursor.png
22:04:19.111 [JavaFX Application Thread] DEBUG Input                - Registered new binding: Screenshot - CTRL+8
22:04:19.112 [JavaFX Application Thread] DEBUG Input                - Registered new binding: System info dump - CTRL+9
22:04:19.113 [JavaFX Application Thread] DEBUG Input                - Registered new binding: Restart - CTRL+R
22:04:19.115 [JavaFX Application Thread] DEBUG Input                - Registered new binding: Toggle Debug Camera - CTRL+7
22:04:19.119 [JavaFX Application Thread] DEBUG LoopRunner           - Starting loop
22:04:19.119 [JavaFX Application Thread] DEBUG LoopRunner           - Initializing JavaFX AnimationTimerLoop
22:04:19.121 [JavaFX Application Thread] DEBUG GameApplicationServi - Starting new game
22:04:19.122 [JavaFX Application Thread] DEBUG Input                - Clearing active input actions
22:04:19.139 [JavaFX Application Thread] DEBUG GameApplicationServi - Removing overlay from FXGLStartupScene and adding to FXGLLoadingScene
22:04:19.141 [JavaFX Application Thread] DEBUG PrimaryStageWindow   - FXGLStartupScene -> FXGLLoadingScene
22:04:19.141 [JavaFX Application Thread] DEBUG GameApplicationServi - Clearing previous game
22:04:19.141 [JavaFX Application Thread] DEBUG GameScene            - Clearing game scene
22:04:19.141 [JavaFX Application Thread] DEBUG GameWorld            - Clearing game world
22:04:19.141 [JavaFX Application Thread] DEBUG PhysicsWorld         - Clearing physics world
22:04:19.145 [FXGL Background Thread 1 ] DEBUG FXGLApplication      - Initializing game
22:04:19.164 [FXGL Background Thread 1 ] DEBUG FXGLAssetLoaderServi - Loading from file system: file:/C:/Users/Carson/Desktop/Monash/Y2S2%20(Current)/FIT3077/Assignment/project/TrialProject/trialproject/target/classes/assets/textures/background.png
22:04:19.172 [FXGL Background Thread 4 ] DEBUG FXGLAssetLoaderServi - Loading from file system: jar:file:///C:/Users/Carson/.m2/repository/com/github/almasb/fxgl/17.2/fxgl-17.2.jar!/fxglassets/ui/fonts/Abel-Regular.ttf
22:04:19.210 [FXGL Background Thread 4 ] DEBUG FXGLAssetLoaderServi - Loading from file system: jar:file:///C:/Users/Carson/.m2/repository/com/github/almasb/fxgl/17.2/fxgl-17.2.jar!/fxglassets/ui/fonts/TerminalLandMono-Regular.otf
22:04:19.219 [FXGL Background Thread 1 ] INFO  FXGLApplication      - Game initialization took: 0.075 sec
22:04:19.227 [JavaFX Application Thread] DEBUG Input                - Clearing active input actions
22:04:19.232 [FXGL Background Thread 4 ] DEBUG FXGLAssetLoaderServi - Loading from file system: jar:file:///C:/Users/Carson/.m2/repository/com/github/almasb/fxgl/17.2/fxgl-17.2.jar!/fxglassets/ui/fonts/Courier-Prime.ttf
22:04:19.241 [JavaFX Application Thread] DEBUG GameApplicationServi - Removing overlay from FXGLLoadingScene and adding to GameScene
22:04:19.242 [JavaFX Application Thread] DEBUG PrimaryStageWindow   - FXGLLoadingScene -> GameScene
22:04:19.380 [JavaFX Application Thread] DEBUG FXGLApplication      - Registering font factories with UI factory
22:04:19.883 [FXGL Background Thread 2 ] INFO  UpdaterService       - Your current version:  17.2
22:04:19.884 [FXGL Background Thread 2 ] INFO  UpdaterService       - Latest stable version: 17.3
22:04:22.022 [FXGL Background Thread 3 ] DEBUG Engine               - Logging environment variables
22:04:22.023 [FXGL Background Thread 3 ] DEBUG Engine               - achievements: []
22:04:22.024 [FXGL Background Thread 3 ] DEBUG Engine               - actualHeight: 600.0
22:04:22.024 [FXGL Background Thread 3 ] DEBUG Engine               - actualHeightProperty: ReadOnlyDoubleProperty [value: 600.0]
22:04:22.024 [FXGL Background Thread 3 ] DEBUG Engine               - actualWidth: 600.0
22:04:22.024 [FXGL Background Thread 3 ] DEBUG Engine               - actualWidthProperty: ReadOnlyDoubleProperty [value: 600.0]
22:04:22.024 [FXGL Background Thread 3 ] DEBUG Engine               - appIcon: fxgl_icon.png
22:04:22.025 [FXGL Background Thread 3 ] DEBUG Engine               - applicationMode: DEVELOPER
22:04:22.025 [FXGL Background Thread 3 ] DEBUG Engine               - cSSList: [fxgl_dark.css]
22:04:22.025 [FXGL Background Thread 3 ] DEBUG Engine               - collisionDetectionStrategy: BRUTE_FORCE
22:04:22.025 [FXGL Background Thread 3 ] DEBUG Engine               - configClass: Optional.empty
22:04:22.025 [FXGL Background Thread 3 ] DEBUG Engine               - credits: []
22:04:22.027 [FXGL Background Thread 3 ] DEBUG Engine               - defaultCursor: CursorInfo(imageName=fxgl_default_cursor.png, hotspotX=7.0, hotspotY=6.0)
22:04:22.028 [FXGL Background Thread 3 ] DEBUG Engine               - devBBoxColorProperty: ObjectProperty [value: 0xff0000ff]
22:04:22.028 [FXGL Background Thread 3 ] DEBUG Engine               - devEnableDebugCameraProperty: BooleanProperty [value: false]
22:04:22.029 [FXGL Background Thread 3 ] DEBUG Engine               - devSensorColorProperty: ObjectProperty [value: 0xffff00ff]
22:04:22.029 [FXGL Background Thread 3 ] DEBUG Engine               - devShowBBoxProperty: BooleanProperty [value: false]
22:04:22.029 [FXGL Background Thread 3 ] DEBUG Engine               - devShowPositionProperty: BooleanProperty [value: false]
22:04:22.029 [FXGL Background Thread 3 ] DEBUG Engine               - enabledMenuItems: []
22:04:22.029 [FXGL Background Thread 3 ] DEBUG Engine               - engineServices: [class com.almasb.fxgl.app.services.FXGLAssetLoaderService, class com.almasb.fxgl.app.FXGLApplication$GameApplicationService, class com.almasb.fxgl.app.services.FXGLDialogService, class com.almasb.fxgl.app.services.IOTaskExecutorService, class com.almasb.fxgl.io.FileSystemService, class com.almasb.fxgl.localization.LocalizationService, class com.almasb.fxgl.app.services.SystemBundleService, class com.almasb.fxgl.profile.SaveLoadService, class com.almasb.fxgl.ui.FXGLUIFactoryServiceProvider, class com.almasb.fxgl.ui.FXGLDialogFactoryServiceProvider, class com.almasb.fxgl.audio.AudioPlayer, class com.almasb.fxgl.notification.impl.NotificationServiceProvider, class com.almasb.fxgl.achievement.AchievementService, class com.almasb.fxgl.cutscene.CutsceneService, class com.almasb.fxgl.minigames.MiniGameService, class com.almasb.fxgl.net.NetService, class com.almasb.fxgl.app.services.UpdaterService, class com.almasb.fxgl.dev.DevService]
22:04:22.029 [FXGL Background Thread 3 ] DEBUG Engine               - fontGame: Abel-Regular.ttf
22:04:22.029 [FXGL Background Thread 3 ] DEBUG Engine               - fontMono: TerminalLandMono-Regular.otf
22:04:22.029 [FXGL Background Thread 3 ] DEBUG Engine               - fontText: Courier-Prime.ttf
22:04:22.029 [FXGL Background Thread 3 ] DEBUG Engine               - fontUI: VarelaRound-Regular.ttf
22:04:22.029 [FXGL Background Thread 3 ] DEBUG Engine               - fullScreen: BooleanProperty [value: false]
22:04:22.030 [FXGL Background Thread 3 ] DEBUG Engine               - gameDifficulty: MEDIUM
22:04:22.030 [FXGL Background Thread 3 ] DEBUG Engine               - gameDifficultyProperty: ObjectProperty [value: MEDIUM]
22:04:22.030 [FXGL Background Thread 3 ] DEBUG Engine               - globalMusicVolume: 0.5
22:04:22.030 [FXGL Background Thread 3 ] DEBUG Engine               - globalMusicVolumeProperty: DoubleProperty [value: 0.5]
22:04:22.030 [FXGL Background Thread 3 ] DEBUG Engine               - globalSoundVolume: 0.5
22:04:22.030 [FXGL Background Thread 3 ] DEBUG Engine               - globalSoundVolumeProperty: DoubleProperty [value: 0.5]
22:04:22.030 [FXGL Background Thread 3 ] DEBUG Engine               - height: 600
22:04:22.030 [FXGL Background Thread 3 ] DEBUG Engine               - is3D: false
22:04:22.030 [FXGL Background Thread 3 ] DEBUG Engine               - isAndroid: false
22:04:22.030 [FXGL Background Thread 3 ] DEBUG Engine               - isBrowser: false
22:04:22.030 [FXGL Background Thread 3 ] DEBUG Engine               - isClickFeedbackEnabled: false
22:04:22.030 [FXGL Background Thread 3 ] DEBUG Engine               - isCloseConfirmation: false
22:04:22.030 [FXGL Background Thread 3 ] DEBUG Engine               - isDesktop: true
22:04:22.030 [FXGL Background Thread 3 ] DEBUG Engine               - isDeveloperMenuEnabled: false
22:04:22.030 [FXGL Background Thread 3 ] DEBUG Engine               - isEmbedded: false
22:04:22.030 [FXGL Background Thread 3 ] DEBUG Engine               - isEntityPreloadEnabled: true
22:04:22.031 [FXGL Background Thread 3 ] DEBUG Engine               - isExperimentalTiledLargeMap: false
22:04:22.031 [FXGL Background Thread 3 ] DEBUG Engine               - isFileSystemWriteAllowed: true
22:04:22.031 [FXGL Background Thread 3 ] DEBUG Engine               - isFullScreenAllowed: false
22:04:22.031 [FXGL Background Thread 3 ] DEBUG Engine               - isFullScreenFromStart: false
22:04:22.031 [FXGL Background Thread 3 ] DEBUG Engine               - isGameMenuEnabled: true
22:04:22.031 [FXGL Background Thread 3 ] DEBUG Engine               - isIOS: false
22:04:22.031 [FXGL Background Thread 3 ] DEBUG Engine               - isIntroEnabled: false
22:04:22.031 [FXGL Background Thread 3 ] DEBUG Engine               - isLinux: false
22:04:22.031 [FXGL Background Thread 3 ] DEBUG Engine               - isMac: false
22:04:22.031 [FXGL Background Thread 3 ] DEBUG Engine               - isMainMenuEnabled: false
22:04:22.031 [FXGL Background Thread 3 ] DEBUG Engine               - isManualResizeEnabled: false
22:04:22.031 [FXGL Background Thread 3 ] DEBUG Engine               - isMobile: false
22:04:22.031 [FXGL Background Thread 3 ] DEBUG Engine               - isNative: false
22:04:22.031 [FXGL Background Thread 3 ] DEBUG Engine               - isPauseMusicWhenMinimized: true
22:04:22.031 [FXGL Background Thread 3 ] DEBUG Engine               - isPreserveResizeRatio: false
22:04:22.031 [FXGL Background Thread 3 ] DEBUG Engine               - isProfilingEnabled: false
22:04:22.031 [FXGL Background Thread 3 ] DEBUG Engine               - isScaleAffectedOnResize: true
22:04:22.031 [FXGL Background Thread 3 ] DEBUG Engine               - isSingleStep: false
22:04:22.032 [FXGL Background Thread 3 ] DEBUG Engine               - isUserProfileEnabled: false
22:04:22.032 [FXGL Background Thread 3 ] DEBUG Engine               - isWindows: true
22:04:22.032 [FXGL Background Thread 3 ] DEBUG Engine               - language: ObjectProperty [value: ENGLISH]
22:04:22.032 [FXGL Background Thread 3 ] DEBUG Engine               - menuKey: ESCAPE
22:04:22.032 [FXGL Background Thread 3 ] DEBUG Engine               - mouseSensitivity: 0.2
22:04:22.032 [FXGL Background Thread 3 ] DEBUG Engine               - notificationViewClass: class com.almasb.fxgl.notification.view.XboxNotificationView
22:04:22.032 [FXGL Background Thread 3 ] DEBUG Engine               - pixelsPerMeter: 50.0
22:04:22.032 [FXGL Background Thread 3 ] DEBUG Engine               - platform: WINDOWS
22:04:22.032 [FXGL Background Thread 3 ] DEBUG Engine               - prefHeightProperty: ReadOnlyDoubleProperty [value: 600.0]
22:04:22.032 [FXGL Background Thread 3 ] DEBUG Engine               - prefWidthProperty: ReadOnlyDoubleProperty [value: 600.0]
22:04:22.032 [FXGL Background Thread 3 ] DEBUG Engine               - profileDir: profiles/
22:04:22.032 [FXGL Background Thread 3 ] DEBUG Engine               - profileName: StringProperty [value: DEFAULT]
22:04:22.032 [FXGL Background Thread 3 ] DEBUG Engine               - randomSeed: -1
22:04:22.033 [FXGL Background Thread 3 ] DEBUG Engine               - runtimeInfo: RuntimeInfo(platform=WINDOWS, version=17.2, build=20.08.2022 16.50)
22:04:22.033 [FXGL Background Thread 3 ] DEBUG Engine               - saveFileExt: sav
22:04:22.033 [FXGL Background Thread 3 ] DEBUG Engine               - scaledHeightProp$fxgl: DoubleProperty [bound, value: 600.0]
22:04:22.033 [FXGL Background Thread 3 ] DEBUG Engine               - scaledWidthProp$fxgl: DoubleProperty [bound, value: 600.0]
22:04:22.033 [FXGL Background Thread 3 ] DEBUG Engine               - sceneFactory: com.almasb.fxgl.app.scene.SceneFactory@66a91dd7
22:04:22.033 [FXGL Background Thread 3 ] DEBUG Engine               - secondsIn24h: 60
22:04:22.033 [FXGL Background Thread 3 ] DEBUG Engine               - soundMenuBack: menu/back.wav
22:04:22.033 [FXGL Background Thread 3 ] DEBUG Engine               - soundMenuPress: menu/press.wav
22:04:22.033 [FXGL Background Thread 3 ] DEBUG Engine               - soundMenuSelect: menu/select.wav
22:04:22.033 [FXGL Background Thread 3 ] DEBUG Engine               - soundNotification: core/notification.wav
22:04:22.033 [FXGL Background Thread 3 ] DEBUG Engine               - stageStyle: DECORATED
22:04:22.034 [FXGL Background Thread 3 ] DEBUG Engine               - supportedLanguages: [ENGLISH, FRENCH, GERMAN, HUNGARIAN, RUSSIAN]
22:04:22.035 [FXGL Background Thread 3 ] DEBUG Engine               - ticksPerSecond: -1
22:04:22.035 [FXGL Background Thread 3 ] DEBUG Engine               - title: Basic Game App
22:04:22.035 [FXGL Background Thread 3 ] DEBUG Engine               - urlGithub: https://github.com/AlmasB/FXGL
22:04:22.035 [FXGL Background Thread 3 ] DEBUG Engine               - urlLeaderboard: http://fxgl-top.herokuapp.com/
22:04:22.035 [FXGL Background Thread 3 ] DEBUG Engine               - urlPOM: https://raw.githubusercontent.com/AlmasB/FXGL/release/README.md
22:04:22.035 [FXGL Background Thread 3 ] DEBUG Engine               - userAppClass: class com.gameapp.trialproject.GameApp
22:04:22.035 [FXGL Background Thread 3 ] DEBUG Engine               - version: 1.0
22:04:22.035 [FXGL Background Thread 3 ] DEBUG Engine               - versionCheckDays: 7
22:04:22.035 [FXGL Background Thread 3 ] DEBUG Engine               - width: 600
22:04:22.035 [FXGL Background Thread 3 ] DEBUG Engine               - Logging services
22:04:22.035 [FXGL Background Thread 3 ] DEBUG Engine               - class com.almasb.fxgl.app.services.FXGLAssetLoaderService
22:04:22.035 [FXGL Background Thread 3 ] DEBUG Engine               - class com.almasb.fxgl.app.FXGLApplication$GameApplicationService
22:04:22.035 [FXGL Background Thread 3 ] DEBUG Engine               - class com.almasb.fxgl.app.services.FXGLDialogService
22:04:22.035 [FXGL Background Thread 3 ] DEBUG Engine               - class com.almasb.fxgl.app.services.IOTaskExecutorService
22:04:22.035 [FXGL Background Thread 3 ] DEBUG Engine               - class com.almasb.fxgl.io.FileSystemService
22:04:22.035 [FXGL Background Thread 3 ] DEBUG Engine               - class com.almasb.fxgl.localization.LocalizationService
22:04:22.035 [FXGL Background Thread 3 ] DEBUG Engine               - class com.almasb.fxgl.app.services.SystemBundleService
22:04:22.035 [FXGL Background Thread 3 ] DEBUG Engine               - class com.almasb.fxgl.profile.SaveLoadService
22:04:22.035 [FXGL Background Thread 3 ] DEBUG Engine               - class com.almasb.fxgl.ui.FXGLUIFactoryServiceProvider
22:04:22.036 [FXGL Background Thread 3 ] DEBUG Engine               - class com.almasb.fxgl.ui.FXGLDialogFactoryServiceProvider
22:04:22.036 [FXGL Background Thread 3 ] DEBUG Engine               - class com.almasb.fxgl.audio.AudioPlayer
22:04:22.036 [FXGL Background Thread 3 ] DEBUG Engine               - class com.almasb.fxgl.notification.impl.NotificationServiceProvider
22:04:22.036 [FXGL Background Thread 3 ] DEBUG Engine               - class com.almasb.fxgl.achievement.AchievementService
22:04:22.036 [FXGL Background Thread 3 ] DEBUG Engine               - class com.almasb.fxgl.cutscene.CutsceneService
22:04:22.036 [FXGL Background Thread 3 ] DEBUG Engine               - class com.almasb.fxgl.minigames.MiniGameService
22:04:22.036 [FXGL Background Thread 3 ] DEBUG Engine               - class com.almasb.fxgl.net.NetService
22:04:22.036 [FXGL Background Thread 3 ] DEBUG Engine               - class com.almasb.fxgl.app.services.UpdaterService
22:04:22.036 [FXGL Background Thread 3 ] DEBUG Engine               - class com.almasb.fxgl.dev.DevService
22:04:38.692 [JavaFX Application Thread] DEBUG FXGLApplication      - Exiting FXGL
22:04:38.692 [JavaFX Application Thread] DEBUG LoopRunner           - Stopping loop
22:04:38.692 [JavaFX Application Thread] DEBUG SystemBundleService  - Saving FXGL system data
22:04:38.696 [JavaFX Application Thread] DEBUG FileSystemAccess     - Writing to: C:\Users\Carson\Desktop\Monash\Y2S2 (Current)\FIT3077\Assignment\project\TrialProject\system\fxgl.bundle
22:04:38.698 [JavaFX Application Thread] DEBUG Async                - Shutting down background threads
22:04:38.698 [JavaFX Application Thread] DEBUG PrimaryStageWindow   - Closing main window
22:04:38.715 [JavaFX Application Thread] DEBUG Logger               - Closing Logger
